[2023-08-29 14:05:10] root: INFO: Starting Flye 2.9.2-b1786
[2023-08-29 14:05:10] root: DEBUG: Cmd: /home/giacomocastagnetti/code/rec_genome_analysis/.snakemake/conda/9f47a5efe248dbe04a41f86aa0444c17/bin/flye --nano-hq data/nanopore/P2_C2.fastq.gz --out-dir results/assemblies/P2/C2_flye --threads 4 --genome-size 0.150m --asm-coverage 40
[2023-08-29 14:05:10] root: DEBUG: Python version: 3.9.16 (main, May 15 2023, 23:46:34) 
[GCC 11.2.0]
[2023-08-29 14:05:10] root: INFO: >>>STAGE: configure
[2023-08-29 14:05:10] root: INFO: Configuring run
[2023-08-29 14:05:16] root: INFO: Total read length: 259077823
[2023-08-29 14:05:16] root: INFO: Input genome size: 150000
[2023-08-29 14:05:16] root: INFO: Estimated coverage: 1727
[2023-08-29 14:05:16] root: WARNING: Expected read coverage is 1727, the assembly is not guaranteed to be optimal in this setting. Are you sure that the genome size was entered correctly?
[2023-08-29 14:05:16] root: INFO: Reads N50/N90: 6595 / 1644
[2023-08-29 14:05:16] root: INFO: Minimum overlap set to 2000
[2023-08-29 14:05:16] root: INFO: Using longest 40x reads for contig assembly
[2023-08-29 14:05:16] root: DEBUG: Min read length cutoff: 31132
[2023-08-29 14:05:16] root: INFO: >>>STAGE: assembly
[2023-08-29 14:05:16] root: INFO: Assembling disjointigs
[2023-08-29 14:05:16] root: DEBUG: -----Begin assembly log------
[2023-08-29 14:05:16] root: DEBUG: Running: flye-modules assemble --reads /home/giacomocastagnetti/code/rec_genome_analysis/data/nanopore/P2_C2.fastq.gz --out-asm /home/giacomocastagnetti/code/rec_genome_analysis/results/assemblies/P2/C2_flye/00-assembly/draft_assembly.fasta --config /home/giacomocastagnetti/code/rec_genome_analysis/.snakemake/conda/9f47a5efe248dbe04a41f86aa0444c17/lib/python3.9/site-packages/flye/config/bin_cfg/asm_nano_hq.cfg --log /home/giacomocastagnetti/code/rec_genome_analysis/results/assemblies/P2/C2_flye/flye.log --threads 4 --genome-size 150000 --min-ovlp 2000 --min-read 31132
[2023-08-29 14:05:17] DEBUG: Build date: May 16 2023 07:05:14
[2023-08-29 14:05:17] DEBUG: Total RAM: 31 Gb
[2023-08-29 14:05:17] DEBUG: Available RAM: 24 Gb
[2023-08-29 14:05:17] DEBUG: Total CPUs: 8
[2023-08-29 14:05:17] DEBUG: Loading /home/giacomocastagnetti/code/rec_genome_analysis/.snakemake/conda/9f47a5efe248dbe04a41f86aa0444c17/lib/python3.9/site-packages/flye/config/bin_cfg/asm_nano_hq.cfg
[2023-08-29 14:05:17] DEBUG: Loading /home/giacomocastagnetti/code/rec_genome_analysis/.snakemake/conda/9f47a5efe248dbe04a41f86aa0444c17/lib/python3.9/site-packages/flye/config/bin_cfg/asm_defaults.cfg
[2023-08-29 14:05:17] DEBUG: 	big_genome_threshold=29000000
[2023-08-29 14:05:17] DEBUG: 	meta_read_filter_kmer_freq=100
[2023-08-29 14:05:17] DEBUG: 	chain_large_gap_penalty=2
[2023-08-29 14:05:17] DEBUG: 	chain_small_gap_penalty=0.5
[2023-08-29 14:05:17] DEBUG: 	chain_gap_jump_threshold=100
[2023-08-29 14:05:17] DEBUG: 	max_coverage_drop_rate=5
[2023-08-29 14:05:17] DEBUG: 	max_extensions_drop_rate=5
[2023-08-29 14:05:17] DEBUG: 	chimera_window=100
[2023-08-29 14:05:17] DEBUG: 	chimera_overhang=1000
[2023-08-29 14:05:17] DEBUG: 	min_reads_in_disjointig=4
[2023-08-29 14:05:17] DEBUG: 	max_inner_reads=10
[2023-08-29 14:05:17] DEBUG: 	max_inner_fraction=0.25
[2023-08-29 14:05:17] DEBUG: 	max_separation=500
[2023-08-29 14:05:17] DEBUG: 	unique_edge_length=50000
[2023-08-29 14:05:17] DEBUG: 	min_repeat_res_support=0.51
[2023-08-29 14:05:17] DEBUG: 	out_paths_ratio=5
[2023-08-29 14:05:17] DEBUG: 	graph_cov_drop_rate=5
[2023-08-29 14:05:17] DEBUG: 	coverage_estimate_window=100
[2023-08-29 14:05:17] DEBUG: 	max_bubble_length=50000
[2023-08-29 14:05:17] DEBUG: 	loop_coverage_rate=1.5
[2023-08-29 14:05:17] DEBUG: 	repeat_edge_cov_mult=1.75
[2023-08-29 14:05:17] DEBUG: 	weak_detach_rate=5
[2023-08-29 14:05:17] DEBUG: 	tip_coverage_rate=2
[2023-08-29 14:05:17] DEBUG: 	tip_length_rate=2
[2023-08-29 14:05:17] DEBUG: 	output_gfa_before_rr=0
[2023-08-29 14:05:17] DEBUG: 	remove_alt_edges=0
[2023-08-29 14:05:17] DEBUG: 	low_cutoff_warning=0
[2023-08-29 14:05:17] DEBUG: 	kmer_size=17
[2023-08-29 14:05:17] DEBUG: 	use_minimizers=1
[2023-08-29 14:05:17] DEBUG: 	minimizer_window=5
[2023-08-29 14:05:17] DEBUG: 	reads_base_alignment=1
[2023-08-29 14:05:17] DEBUG: 	meta_read_top_kmer_rate=0.75
[2023-08-29 14:05:17] DEBUG: 	maximum_jump=1500
[2023-08-29 14:05:17] DEBUG: 	maximum_overhang=1500
[2023-08-29 14:05:17] DEBUG: 	repeat_kmer_rate=100
[2023-08-29 14:05:17] DEBUG: 	assemble_ovlp_divergence=0.05
[2023-08-29 14:05:17] DEBUG: 	assemble_divergence_relative=1
[2023-08-29 14:05:17] DEBUG: 	repeat_graph_ovlp_divergence=0.05
[2023-08-29 14:05:17] DEBUG: 	read_align_ovlp_divergence=0.10
[2023-08-29 14:05:17] DEBUG: 	hpc_scoring_on=1
[2023-08-29 14:05:17] DEBUG: 	add_unassembled_reads=0
[2023-08-29 14:05:17] DEBUG: 	extend_contigs_with_repeats=0
[2023-08-29 14:05:17] DEBUG: 	min_read_cov_cutoff=3
[2023-08-29 14:05:17] DEBUG: 	short_tip_length=20000
[2023-08-29 14:05:17] DEBUG: 	long_tip_length=100000
[2023-08-29 14:05:17] DEBUG: Running with k-mer size: 17
[2023-08-29 14:05:17] DEBUG: Running with minimum overlap 2000
[2023-08-29 14:05:17] DEBUG: Metagenome mode: N
[2023-08-29 14:05:17] DEBUG: Short mode: N
[2023-08-29 14:05:17] INFO: Reading sequences
[2023-08-29 14:05:30] DEBUG: Building positional index
[2023-08-29 14:05:30] DEBUG: Total sequence: 5979482 bp
[2023-08-29 14:05:30] INFO: Building minimizer index
[2023-08-29 14:05:30] INFO: Pre-calculating index storage
[2023-08-29 14:05:31] DEBUG: Mean k-mer frequency: 3.97648
[2023-08-29 14:05:31] DEBUG: Repetitive k-mer frequency: 397
[2023-08-29 14:05:31] DEBUG: Filtered 0 repetitive k-mers (0)
[2023-08-29 14:05:31] INFO: Filling index
[2023-08-29 14:05:32] DEBUG: Sorting k-mer index
[2023-08-29 14:05:32] DEBUG: Selected k-mers: 500704
[2023-08-29 14:05:32] DEBUG: K-mer index size: 1991044
[2023-08-29 14:05:32] DEBUG: Mean k-mer frequency: 3.97649
[2023-08-29 14:05:32] DEBUG: Minimizer rate: 3.00319
[2023-08-29 14:05:32] DEBUG: Peak RAM usage: 0 Gb
[2023-08-29 14:05:32] DEBUG: Estimating k-mer identity bias
[2023-08-29 14:13:35] DEBUG: Initial divergence estimate : 0.0558612
[2023-08-29 14:13:35] DEBUG: Relative threshold: Y
[2023-08-29 14:13:35] DEBUG: Max divergence threshold set to 0.105861
[2023-08-29 14:13:35] INFO: Extending reads
[2023-08-29 14:13:35] DEBUG: Estimating overlap coverage
[2023-08-29 14:15:56] INFO: Overlap-based coverage: 39
[2023-08-29 14:15:56] INFO: Median overlap divergence: 0.0556871
[2023-08-29 14:15:56] DEBUG: Sequence divergence distribution: 

    |       *             |                                                                              
    |       *             |                                                                              
    |      **   *         |                                                                              
    |      ** * *         |                                                                              
    |      ** * *         |                                                                              
    |      **** *         |                                                                              
    |      **** *         |                                                                              
    |      **** **        |                                                                              
    |      **** ***       |                                                                              
    |      ********       |                                                                              
    |      ********       |                                                                              
    |      ********   *   |                                                                              
    |      *********  *   |                                                                              
    |     *********** *   |                                                                              
    |     *********** *   |                                                                              
    |     *********** *   |                                                                              
    |     ****************|*                                                                             
    |     ****************|*                                                                             
    |    *********************   **                                                                      
    |    *********************** ** ***                                                                  
    ----------------------------------------------------------------------------------------------------
    0%        5%        10%       15%       20%       25%       30%       35%       40%       45%       

    Q25 = 0.039, Q50 = 0.056, Q75 = 0.073

[2023-08-29 14:15:57] DEBUG: Assembled disjointig 1
	With 22 reads
	Start read: +bd8469d3-a069-4ad6-a1c8-66e3260fe663
	At position: 19
	leftTip: 1 rightTip: 1
	Suspicious: 2
	Short ext: 0
	Mean extensions: 33
	Avg overlap len: 40109
	Min overlap len: 2461
	Inner reads: 0
	Length: 165395
[2023-08-29 14:15:57] DEBUG: Inner: 242 covered: 294 total: 312
[2023-08-29 14:16:23] INFO: Assembled 1 disjointigs
[2023-08-29 14:16:23] INFO: Generating sequence
[2023-08-29 14:16:23] DEBUG: Building positional index
[2023-08-29 14:16:23] DEBUG: Total sequence: 165432 bp
[2023-08-29 14:16:24] DEBUG: Mean k-mer frequency: 1.0002
[2023-08-29 14:16:24] DEBUG: Repetitive k-mer frequency: 100
[2023-08-29 14:16:24] DEBUG: Filtered 0 repetitive k-mers (0)
[2023-08-29 14:16:24] DEBUG: Sorting k-mer index
[2023-08-29 14:16:24] DEBUG: Selected k-mers: 55097
[2023-08-29 14:16:24] DEBUG: K-mer index size: 55109
[2023-08-29 14:16:24] DEBUG: Mean k-mer frequency: 1.00022
[2023-08-29 14:16:24] DEBUG: Minimizer rate: 3.00191
[2023-08-29 14:16:24] INFO: Filtering contained disjointigs
[2023-08-29 14:16:24] DEBUG: Computing transitive closure for overlaps
[2023-08-29 14:16:24] DEBUG: Found 0 overlaps
[2023-08-29 14:16:24] DEBUG: Left 0 overlaps after filtering
[2023-08-29 14:16:24] INFO: Contained seqs: 0
[2023-08-29 14:16:24] DEBUG: Writing FASTA
[2023-08-29 14:16:24] DEBUG: Peak RAM usage: 0 Gb
-----------End assembly log------------
[2023-08-29 14:16:24] root: DEBUG: Disjointigs length: 165432, N50: 165432
[2023-08-29 14:16:24] root: INFO: >>>STAGE: consensus
[2023-08-29 14:16:24] root: INFO: Running Minimap2
[2023-08-29 14:18:21] root: INFO: Computing consensus
[2023-08-29 14:24:17] root: INFO: Alignment error rate: 0.050330
[2023-08-29 14:24:17] root: INFO: >>>STAGE: repeat
[2023-08-29 14:24:17] root: INFO: Building and resolving repeat graph
[2023-08-29 14:24:17] root: DEBUG: -----Begin repeat analyser log------
[2023-08-29 14:24:17] root: DEBUG: Running: flye-modules repeat --disjointigs /home/giacomocastagnetti/code/rec_genome_analysis/results/assemblies/P2/C2_flye/10-consensus/consensus.fasta --reads /home/giacomocastagnetti/code/rec_genome_analysis/data/nanopore/P2_C2.fastq.gz --out-dir /home/giacomocastagnetti/code/rec_genome_analysis/results/assemblies/P2/C2_flye/20-repeat --config /home/giacomocastagnetti/code/rec_genome_analysis/.snakemake/conda/9f47a5efe248dbe04a41f86aa0444c17/lib/python3.9/site-packages/flye/config/bin_cfg/asm_nano_hq.cfg --log /home/giacomocastagnetti/code/rec_genome_analysis/results/assemblies/P2/C2_flye/flye.log --threads 4 --min-ovlp 2000
[2023-08-29 14:24:17] DEBUG: Build date: May 16 2023 07:05:44
[2023-08-29 14:24:17] DEBUG: Total RAM: 31 Gb
[2023-08-29 14:24:17] DEBUG: Available RAM: 20 Gb
[2023-08-29 14:24:17] DEBUG: Total CPUs: 8
[2023-08-29 14:24:17] DEBUG: Loading /home/giacomocastagnetti/code/rec_genome_analysis/.snakemake/conda/9f47a5efe248dbe04a41f86aa0444c17/lib/python3.9/site-packages/flye/config/bin_cfg/asm_nano_hq.cfg
[2023-08-29 14:24:17] DEBUG: Loading /home/giacomocastagnetti/code/rec_genome_analysis/.snakemake/conda/9f47a5efe248dbe04a41f86aa0444c17/lib/python3.9/site-packages/flye/config/bin_cfg/asm_defaults.cfg
[2023-08-29 14:24:17] DEBUG: 	big_genome_threshold=29000000
[2023-08-29 14:24:17] DEBUG: 	meta_read_filter_kmer_freq=100
[2023-08-29 14:24:17] DEBUG: 	chain_large_gap_penalty=2
[2023-08-29 14:24:17] DEBUG: 	chain_small_gap_penalty=0.5
[2023-08-29 14:24:17] DEBUG: 	chain_gap_jump_threshold=100
[2023-08-29 14:24:17] DEBUG: 	max_coverage_drop_rate=5
[2023-08-29 14:24:17] DEBUG: 	max_extensions_drop_rate=5
[2023-08-29 14:24:17] DEBUG: 	chimera_window=100
[2023-08-29 14:24:17] DEBUG: 	chimera_overhang=1000
[2023-08-29 14:24:17] DEBUG: 	min_reads_in_disjointig=4
[2023-08-29 14:24:17] DEBUG: 	max_inner_reads=10
[2023-08-29 14:24:17] DEBUG: 	max_inner_fraction=0.25
[2023-08-29 14:24:17] DEBUG: 	max_separation=500
[2023-08-29 14:24:17] DEBUG: 	unique_edge_length=50000
[2023-08-29 14:24:17] DEBUG: 	min_repeat_res_support=0.51
[2023-08-29 14:24:17] DEBUG: 	out_paths_ratio=5
[2023-08-29 14:24:17] DEBUG: 	graph_cov_drop_rate=5
[2023-08-29 14:24:17] DEBUG: 	coverage_estimate_window=100
[2023-08-29 14:24:17] DEBUG: 	max_bubble_length=50000
[2023-08-29 14:24:17] DEBUG: 	loop_coverage_rate=1.5
[2023-08-29 14:24:17] DEBUG: 	repeat_edge_cov_mult=1.75
[2023-08-29 14:24:17] DEBUG: 	weak_detach_rate=5
[2023-08-29 14:24:17] DEBUG: 	tip_coverage_rate=2
[2023-08-29 14:24:17] DEBUG: 	tip_length_rate=2
[2023-08-29 14:24:17] DEBUG: 	output_gfa_before_rr=0
[2023-08-29 14:24:17] DEBUG: 	remove_alt_edges=0
[2023-08-29 14:24:17] DEBUG: 	low_cutoff_warning=0
[2023-08-29 14:24:17] DEBUG: 	kmer_size=17
[2023-08-29 14:24:17] DEBUG: 	use_minimizers=1
[2023-08-29 14:24:17] DEBUG: 	minimizer_window=5
[2023-08-29 14:24:17] DEBUG: 	reads_base_alignment=1
[2023-08-29 14:24:17] DEBUG: 	meta_read_top_kmer_rate=0.75
[2023-08-29 14:24:17] DEBUG: 	maximum_jump=1500
[2023-08-29 14:24:17] DEBUG: 	maximum_overhang=1500
[2023-08-29 14:24:17] DEBUG: 	repeat_kmer_rate=100
[2023-08-29 14:24:17] DEBUG: 	assemble_ovlp_divergence=0.05
[2023-08-29 14:24:17] DEBUG: 	assemble_divergence_relative=1
[2023-08-29 14:24:17] DEBUG: 	repeat_graph_ovlp_divergence=0.05
[2023-08-29 14:24:17] DEBUG: 	read_align_ovlp_divergence=0.10
[2023-08-29 14:24:17] DEBUG: 	hpc_scoring_on=1
[2023-08-29 14:24:17] DEBUG: 	add_unassembled_reads=0
[2023-08-29 14:24:17] DEBUG: 	extend_contigs_with_repeats=0
[2023-08-29 14:24:17] DEBUG: 	min_read_cov_cutoff=3
[2023-08-29 14:24:17] DEBUG: 	short_tip_length=20000
[2023-08-29 14:24:17] DEBUG: 	long_tip_length=100000
[2023-08-29 14:24:17] DEBUG: Running with k-mer size: 17
[2023-08-29 14:24:17] DEBUG: Selected minimum overlap 2000
[2023-08-29 14:24:17] DEBUG: Metagenome mode: N
[2023-08-29 14:24:17] INFO: Parsing disjointigs
[2023-08-29 14:24:17] DEBUG: Building positional index
[2023-08-29 14:24:17] DEBUG: Total sequence: 132699 bp
[2023-08-29 14:24:17] INFO: Building repeat graph
[2023-08-29 14:24:17] DEBUG: Mean k-mer frequency: 1.00059
[2023-08-29 14:24:17] DEBUG: Repetitive k-mer frequency: 100
[2023-08-29 14:24:17] DEBUG: Filtered 0 repetitive k-mers (0)
[2023-08-29 14:24:17] DEBUG: Sorting k-mer index
[2023-08-29 14:24:17] DEBUG: Selected k-mers: 44176
[2023-08-29 14:24:17] DEBUG: K-mer index size: 44203
[2023-08-29 14:24:17] DEBUG: Mean k-mer frequency: 1.00061
[2023-08-29 14:24:17] DEBUG: Minimizer rate: 3.00204
[2023-08-29 14:24:17] DEBUG: Computing transitive closure for overlaps
[2023-08-29 14:24:17] DEBUG: Found 0 overlaps
[2023-08-29 14:24:17] DEBUG: Left 0 overlaps after filtering
[2023-08-29 14:24:17] INFO: Median overlap divergence: 0
[2023-08-29 14:24:17] DEBUG: Sequence divergence distribution: 

    |          |                                                                                         
    |          |                                                                                         
    |          |                                                                                         
    |          |                                                                                         
    |          |                                                                                         
    |          |                                                                                         
    |          |                                                                                         
    |          |                                                                                         
    |          |                                                                                         
    |          |                                                                                         
    |          |                                                                                         
    |          |                                                                                         
    |          |                                                                                         
    |          |                                                                                         
    |          |                                                                                         
    |          |                                                                                         
    |          |                                                                                         
    |          |                                                                                         
    |          |                                                                                         
    |          |                                                                                         
    ----------------------------------------------------------------------------------------------------
    0%        5%        10%       15%       20%       25%       30%       35%       40%       45%       

    Q25 = 0, Q50 = 0, Q75 = 0

[2023-08-29 14:24:17] DEBUG: Computing gluepoints
[2023-08-29 14:24:17] DEBUG: Added 0 gluepoint projections
[2023-08-29 14:24:17] DEBUG: Created 4 gluepoints
[2023-08-29 14:24:17] DEBUG: Artificial loops removed: 0 left, 0 right, 0 both
[2023-08-29 14:24:17] DEBUG: Initializing edges
[2023-08-29 14:24:17] DEBUG: Edges length checksum: 428890020
[2023-08-29 14:24:17] DEBUG: Filtered 0 singleton segments
[2023-08-29 14:24:17] DEBUG: Removed 0 simple and 0 double chimeric junctions
[2023-08-29 14:24:17] DEBUG: Collapsed 0 edges
[2023-08-29 14:24:17] DEBUG: *	1	+disjointig_1	0	132698	132698	
[2023-08-29 14:24:17] DEBUG: Total edges: 1
[2023-08-29 14:24:17] INFO: Parsing reads
[2023-08-29 14:24:30] DEBUG: Building positional index
[2023-08-29 14:24:30] DEBUG: Total sequence: 259077823 bp
[2023-08-29 14:24:30] DEBUG: Building positional index
[2023-08-29 14:24:30] DEBUG: Total sequence: 132698 bp
[2023-08-29 14:24:30] INFO: Aligning reads to the graph
[2023-08-29 14:24:30] DEBUG: Mean k-mer frequency: 1.00059
[2023-08-29 14:24:30] DEBUG: Repetitive k-mer frequency: 100
[2023-08-29 14:24:30] DEBUG: Filtered 0 repetitive k-mers (0)
[2023-08-29 14:24:30] DEBUG: Sorting k-mer index
[2023-08-29 14:24:30] DEBUG: Selected k-mers: 44175
[2023-08-29 14:24:30] DEBUG: K-mer index size: 44202
[2023-08-29 14:24:30] DEBUG: Mean k-mer frequency: 1.00061
[2023-08-29 14:24:30] DEBUG: Minimizer rate: 3.00208
[2023-08-29 14:26:15] DEBUG: Total reads : 36715
[2023-08-29 14:26:15] DEBUG: Read with aligned parts : 35313
[2023-08-29 14:26:15] DEBUG: Aligned in one piece : 35206
[2023-08-29 14:26:15] INFO: Aligned read sequence: 215584386 / 225209103 (0.957263)
[2023-08-29 14:26:15] INFO: Median overlap divergence: 0.0238805
[2023-08-29 14:26:15] DEBUG: Sequence divergence distribution: 

    |   *                |                                                                               
    |   **               |                                                                               
    |   **               |                                                                               
    |   **               |                                                                               
    |   **               |                                                                               
    |   **               |                                                                               
    |   **               |                                                                               
    |   ***              |                                                                               
    |   ***              |                                                                               
    |  ****              |                                                                               
    |  ****              |                                                                               
    |  *****             |                                                                               
    |  *****             |                                                                               
    |  *****             |                                                                               
    |  ******            |                                                                               
    |  *******           |                                                                               
    |  *******           |                                                                               
    |  *********         |                                                                               
    | **************     |                                                                               
    |********************************** * **                   *                                         
    ----------------------------------------------------------------------------------------------------
    0%        5%        10%       15%       20%       25%       30%       35%       40%       45%       

    Q25 = 0.018, Q50 = 0.024, Q75 = 0.035

[2023-08-29 14:26:16] INFO: Mean edge coverage: 1605
[2023-08-29 14:26:16] DEBUG: 1	len:132698	cov:1655	mult:1.03115
[2023-08-29 14:26:16] DEBUG: -1	len:132698	cov:1655	mult:1.03115
[2023-08-29 14:26:16] DEBUG: Unique coverage threshold 2896
[2023-08-29 14:26:16] INFO: Simplifying the graph
[2023-08-29 14:26:16] DEBUG: Read coverage cutoff: 321
[2023-08-29 14:26:16] DEBUG: [SIMPL] Removed 0 paths with low coverage
[2023-08-29 14:26:16] DEBUG: [SIMPL] Masked 0 heterozygous loops
[2023-08-29 14:26:16] DEBUG: [SIMPL] Masked 0 simple bubbles
[2023-08-29 14:26:16] DEBUG: Finding repeats
[2023-08-29 14:26:16] DEBUG: Read coverage cutoff: 321
[2023-08-29 14:26:16] DEBUG: Repeat detection iteration 1
[2023-08-29 14:26:16] DEBUG: Writing Dot
[2023-08-29 14:26:16] DEBUG: Writing FASTA
[2023-08-29 14:26:16] DEBUG: [SIMPL] == Iteration 1 ==
[2023-08-29 14:26:16] DEBUG: Splitting nodes
[2023-08-29 14:26:16] DEBUG: [SIMPL] Split 0 nodes
[2023-08-29 14:26:16] DEBUG: [SIMPL] Clipped 0 short and 0 long tips
[2023-08-29 14:26:16] DEBUG: [SIMPL] Masked 0 heterozygous loops
[2023-08-29 14:26:16] DEBUG: [SIMPL] Masked 0 simple bubbles
[2023-08-29 14:26:16] DEBUG: Finding repeats
[2023-08-29 14:26:16] DEBUG: Read coverage cutoff: 321
[2023-08-29 14:26:16] DEBUG: Repeat detection iteration 1
[2023-08-29 14:26:16] DEBUG: Total unique edges: 1
[2023-08-29 14:26:16] DEBUG: [SIMPL] Resolved repeats: 0
[2023-08-29 14:26:16] DEBUG: RR links: 0
[2023-08-29 14:26:16] DEBUG: Unresolved: 0
[2023-08-29 14:26:16] DEBUG: Removed 0 simple and 0 double chimeric junctions
[2023-08-29 14:26:16] DEBUG: [SIMPL] Collapsed 0 haplotypes
[2023-08-29 14:26:16] DEBUG: [SIMPL] Resolved 0 simple repeats
[2023-08-29 14:26:16] DEBUG: Read coverage cutoff: 321
[2023-08-29 14:26:16] DEBUG: [SIMPL] Removed 0 paths with low coverage
[2023-08-29 14:26:16] DEBUG: Finding repeats
[2023-08-29 14:26:16] DEBUG: Read coverage cutoff: 321
[2023-08-29 14:26:16] DEBUG: Repeat detection iteration 1
[2023-08-29 14:26:16] DEBUG: Writing Dot
[2023-08-29 14:26:16] DEBUG: Writing FASTA
[2023-08-29 14:26:16] DEBUG: Peak RAM usage: 0 Gb
-----------End assembly log------------
[2023-08-29 14:26:16] root: INFO: >>>STAGE: contigger
[2023-08-29 14:26:16] root: INFO: Generating contigs
[2023-08-29 14:26:16] root: DEBUG: -----Begin contigger analyser log------
[2023-08-29 14:26:16] root: DEBUG: Running: flye-modules contigger --graph-edges /home/giacomocastagnetti/code/rec_genome_analysis/results/assemblies/P2/C2_flye/20-repeat/repeat_graph_edges.fasta --reads /home/giacomocastagnetti/code/rec_genome_analysis/data/nanopore/P2_C2.fastq.gz --out-dir /home/giacomocastagnetti/code/rec_genome_analysis/results/assemblies/P2/C2_flye/30-contigger --config /home/giacomocastagnetti/code/rec_genome_analysis/.snakemake/conda/9f47a5efe248dbe04a41f86aa0444c17/lib/python3.9/site-packages/flye/config/bin_cfg/asm_nano_hq.cfg --repeat-graph /home/giacomocastagnetti/code/rec_genome_analysis/results/assemblies/P2/C2_flye/20-repeat/repeat_graph_dump --graph-aln /home/giacomocastagnetti/code/rec_genome_analysis/results/assemblies/P2/C2_flye/20-repeat/read_alignment_dump --log /home/giacomocastagnetti/code/rec_genome_analysis/results/assemblies/P2/C2_flye/flye.log --threads 4 --min-ovlp 2000
[2023-08-29 14:26:16] DEBUG: Build date: May 16 2023 07:06:14
[2023-08-29 14:26:16] DEBUG: Total RAM: 31 Gb
[2023-08-29 14:26:16] DEBUG: Available RAM: 22 Gb
[2023-08-29 14:26:16] DEBUG: Total CPUs: 8
[2023-08-29 14:26:16] DEBUG: Loading /home/giacomocastagnetti/code/rec_genome_analysis/.snakemake/conda/9f47a5efe248dbe04a41f86aa0444c17/lib/python3.9/site-packages/flye/config/bin_cfg/asm_nano_hq.cfg
[2023-08-29 14:26:16] DEBUG: Loading /home/giacomocastagnetti/code/rec_genome_analysis/.snakemake/conda/9f47a5efe248dbe04a41f86aa0444c17/lib/python3.9/site-packages/flye/config/bin_cfg/asm_defaults.cfg
[2023-08-29 14:26:16] DEBUG: 	big_genome_threshold=29000000
[2023-08-29 14:26:16] DEBUG: 	meta_read_filter_kmer_freq=100
[2023-08-29 14:26:16] DEBUG: 	chain_large_gap_penalty=2
[2023-08-29 14:26:16] DEBUG: 	chain_small_gap_penalty=0.5
[2023-08-29 14:26:16] DEBUG: 	chain_gap_jump_threshold=100
[2023-08-29 14:26:16] DEBUG: 	max_coverage_drop_rate=5
[2023-08-29 14:26:16] DEBUG: 	max_extensions_drop_rate=5
[2023-08-29 14:26:16] DEBUG: 	chimera_window=100
[2023-08-29 14:26:16] DEBUG: 	chimera_overhang=1000
[2023-08-29 14:26:16] DEBUG: 	min_reads_in_disjointig=4
[2023-08-29 14:26:16] DEBUG: 	max_inner_reads=10
[2023-08-29 14:26:16] DEBUG: 	max_inner_fraction=0.25
[2023-08-29 14:26:16] DEBUG: 	max_separation=500
[2023-08-29 14:26:16] DEBUG: 	unique_edge_length=50000
[2023-08-29 14:26:16] DEBUG: 	min_repeat_res_support=0.51
[2023-08-29 14:26:16] DEBUG: 	out_paths_ratio=5
[2023-08-29 14:26:16] DEBUG: 	graph_cov_drop_rate=5
[2023-08-29 14:26:16] DEBUG: 	coverage_estimate_window=100
[2023-08-29 14:26:16] DEBUG: 	max_bubble_length=50000
[2023-08-29 14:26:16] DEBUG: 	loop_coverage_rate=1.5
[2023-08-29 14:26:16] DEBUG: 	repeat_edge_cov_mult=1.75
[2023-08-29 14:26:16] DEBUG: 	weak_detach_rate=5
[2023-08-29 14:26:16] DEBUG: 	tip_coverage_rate=2
[2023-08-29 14:26:16] DEBUG: 	tip_length_rate=2
[2023-08-29 14:26:16] DEBUG: 	output_gfa_before_rr=0
[2023-08-29 14:26:16] DEBUG: 	remove_alt_edges=0
[2023-08-29 14:26:16] DEBUG: 	low_cutoff_warning=0
[2023-08-29 14:26:16] DEBUG: 	kmer_size=17
[2023-08-29 14:26:16] DEBUG: 	use_minimizers=1
[2023-08-29 14:26:16] DEBUG: 	minimizer_window=5
[2023-08-29 14:26:16] DEBUG: 	reads_base_alignment=1
[2023-08-29 14:26:16] DEBUG: 	meta_read_top_kmer_rate=0.75
[2023-08-29 14:26:16] DEBUG: 	maximum_jump=1500
[2023-08-29 14:26:16] DEBUG: 	maximum_overhang=1500
[2023-08-29 14:26:16] DEBUG: 	repeat_kmer_rate=100
[2023-08-29 14:26:16] DEBUG: 	assemble_ovlp_divergence=0.05
[2023-08-29 14:26:16] DEBUG: 	assemble_divergence_relative=1
[2023-08-29 14:26:16] DEBUG: 	repeat_graph_ovlp_divergence=0.05
[2023-08-29 14:26:16] DEBUG: 	read_align_ovlp_divergence=0.10
[2023-08-29 14:26:16] DEBUG: 	hpc_scoring_on=1
[2023-08-29 14:26:16] DEBUG: 	add_unassembled_reads=0
[2023-08-29 14:26:16] DEBUG: 	extend_contigs_with_repeats=0
[2023-08-29 14:26:16] DEBUG: 	min_read_cov_cutoff=3
[2023-08-29 14:26:16] DEBUG: 	short_tip_length=20000
[2023-08-29 14:26:16] DEBUG: 	long_tip_length=100000
[2023-08-29 14:26:16] DEBUG: Running with k-mer size: 17
[2023-08-29 14:26:16] DEBUG: Selected minimum overlap 2000
[2023-08-29 14:26:16] INFO: Reading sequences
[2023-08-29 14:26:27] DEBUG: Building positional index
[2023-08-29 14:26:27] DEBUG: Total sequence: 259077823 bp
[2023-08-29 14:26:27] DEBUG: Flipped 0
[2023-08-29 14:26:27] DEBUG: UPath 1: 1
[2023-08-29 14:26:27] DEBUG: Final graph contains 1 egdes
[2023-08-29 14:26:27] DEBUG: Extending contigs into repeats
[2023-08-29 14:26:27] DEBUG: Covered 0 repetitive contigs
[2023-08-29 14:26:27] INFO: Generated 1 contigs
[2023-08-29 14:26:27] DEBUG: Writing FASTA
[2023-08-29 14:26:27] DEBUG: Generating scaffold connections
[2023-08-29 14:26:27] INFO: Added 0 scaffold connections
[2023-08-29 14:26:27] DEBUG: Writing Dot
[2023-08-29 14:26:27] DEBUG: Writing FASTA
[2023-08-29 14:26:27] DEBUG: Writing Gfa
[2023-08-29 14:26:27] DEBUG: Peak RAM usage: 0 Gb
-----------End assembly log------------
[2023-08-29 14:26:27] root: INFO: >>>STAGE: polishing
[2023-08-29 14:26:27] root: INFO: Polishing genome (1/1)
[2023-08-29 14:26:27] root: INFO: Running minimap2
[2023-08-29 14:28:12] root: INFO: Separating alignment into bubbles
[2023-08-29 14:32:28] root: DEBUG: Generated 8344 bubbles
[2023-08-29 14:32:28] root: DEBUG: Split 12 long bubbles
[2023-08-29 14:32:28] root: DEBUG: Skipped 1 empty bubbles
[2023-08-29 14:32:28] root: DEBUG: Skipped 2 bubbles with long branches
[2023-08-29 14:32:28] root: INFO: Alignment error rate: 0.033276
[2023-08-29 14:32:28] root: INFO: Correcting bubbles
[2023-08-29 14:32:33] root: DEBUG: Mean contig coverage: 1951, selected threshold: 390
[2023-08-29 14:32:33] root: DEBUG: Filtered 0 contigs of total length 0
[2023-08-29 14:32:33] root: DEBUG: Generating polished GFA
[2023-08-29 14:32:33] root: DEBUG: 0 sequences remained unpolished
[2023-08-29 14:32:33] root: INFO: >>>STAGE: finalize
[2023-08-29 14:32:33] root: DEBUG: ---Output dir contents:----
[2023-08-29 14:32:33] root: DEBUG: C2_flye/
[2023-08-29 14:32:33] root: DEBUG:     136.0 K     assembly_graph.gfa
[2023-08-29 14:32:33] root: DEBUG:     29.0 K      flye.log
[2023-08-29 14:32:33] root: DEBUG:     139.0 K     assembly.fasta
[2023-08-29 14:32:33] root: DEBUG:     96.0 B      params.json
[2023-08-29 14:32:33] root: DEBUG:     371.0 B     assembly_graph.gv
[2023-08-29 14:32:33] root: DEBUG:     10-consensus/
[2023-08-29 14:32:33] root: DEBUG:         131.0 K     consensus.fasta
[2023-08-29 14:32:33] root: DEBUG:         1006.0 B    minimap.stderr
[2023-08-29 14:32:33] root: DEBUG:         82.0 K      minimap.bam.bai
[2023-08-29 14:32:33] root: DEBUG:     20-repeat/
[2023-08-29 14:32:33] root: DEBUG:         371.0 B     graph_after_rr.gv
[2023-08-29 14:32:33] root: DEBUG:         131.0 K     graph_before_rr.fasta
[2023-08-29 14:32:33] root: DEBUG:         131.0 K     repeat_graph_edges.fasta
[2023-08-29 14:32:33] root: DEBUG:         371.0 B     graph_before_rr.gv
[2023-08-29 14:32:33] root: DEBUG:         9.0 M       read_alignment_dump
[2023-08-29 14:32:33] root: DEBUG:         187.0 B     repeat_graph_dump
[2023-08-29 14:32:33] root: DEBUG:     30-contigger/
[2023-08-29 14:32:33] root: DEBUG:         131.0 K     graph_final.fasta
[2023-08-29 14:32:33] root: DEBUG:         131.0 K     contigs.fasta
[2023-08-29 14:32:33] root: DEBUG:         25.0 B      contigs.fasta.fai
[2023-08-29 14:32:33] root: DEBUG:         0.0 B       scaffolds_links.txt
[2023-08-29 14:32:33] root: DEBUG:         371.0 B     graph_final.gv
[2023-08-29 14:32:33] root: DEBUG:         113.0 B     contigs_stats.txt
[2023-08-29 14:32:33] root: DEBUG:         129.0 K     graph_final.gfa
[2023-08-29 14:32:33] root: DEBUG:     40-polishing/
[2023-08-29 14:32:33] root: DEBUG:         37.0 K      base_coverage.bed.gz
[2023-08-29 14:32:33] root: DEBUG:         80.0 K      minimap_1.bam.bai
[2023-08-29 14:32:33] root: DEBUG:         139.0 K     filtered_contigs.fasta
[2023-08-29 14:32:33] root: DEBUG:         968.0 B     minimap.stderr
[2023-08-29 14:32:33] root: DEBUG:         25.0 B      filtered_contigs.fasta.fai
[2023-08-29 14:32:33] root: DEBUG:         160.0 B     edges_aln.bam.bai
[2023-08-29 14:32:33] root: DEBUG:         47.0 B      contigs_stats.txt
[2023-08-29 14:32:33] root: DEBUG:         47.0 B      filtered_stats.txt
[2023-08-29 14:32:33] root: DEBUG:         136.0 K     polished_edges.gfa
[2023-08-29 14:32:33] root: DEBUG:     00-assembly/
[2023-08-29 14:32:33] root: DEBUG:         163.0 K     draft_assembly.fasta
[2023-08-29 14:32:33] root: DEBUG:         29.0 B      draft_assembly.fasta.fai
[2023-08-29 14:32:33] root: DEBUG: --------------------------
[2023-08-29 14:32:33] root: INFO: Assembly statistics:

	Total length:	140124
	Fragments:	1
	Fragments N50:	140124
	Largest frg:	140124
	Scaffolds:	0
	Mean coverage:	1951

[2023-08-29 14:32:33] root: INFO: Final assembly: /home/giacomocastagnetti/code/rec_genome_analysis/results/assemblies/P2/C2_flye/assembly.fasta
