[2023-08-29 14:05:10] root: INFO: Starting Flye 2.9.2-b1786
[2023-08-29 14:05:10] root: DEBUG: Cmd: /home/giacomocastagnetti/code/rec_genome_analysis/.snakemake/conda/9f47a5efe248dbe04a41f86aa0444c17/bin/flye --nano-hq data/nanopore/P3_C3.fastq.gz --out-dir results/assemblies/P3/C3_flye --threads 4 --genome-size 0.150m --asm-coverage 40
[2023-08-29 14:05:10] root: DEBUG: Python version: 3.9.16 (main, May 15 2023, 23:46:34) 
[GCC 11.2.0]
[2023-08-29 14:05:10] root: INFO: >>>STAGE: configure
[2023-08-29 14:05:10] root: INFO: Configuring run
[2023-08-29 14:05:13] root: INFO: Total read length: 134033372
[2023-08-29 14:05:13] root: INFO: Input genome size: 150000
[2023-08-29 14:05:13] root: INFO: Estimated coverage: 893
[2023-08-29 14:05:13] root: INFO: Reads N50/N90: 4729 / 1075
[2023-08-29 14:05:13] root: INFO: Minimum overlap set to 1000
[2023-08-29 14:05:13] root: INFO: Using longest 40x reads for contig assembly
[2023-08-29 14:05:13] root: DEBUG: Min read length cutoff: 20266
[2023-08-29 14:05:13] root: INFO: >>>STAGE: assembly
[2023-08-29 14:05:13] root: INFO: Assembling disjointigs
[2023-08-29 14:05:13] root: DEBUG: -----Begin assembly log------
[2023-08-29 14:05:13] root: DEBUG: Running: flye-modules assemble --reads /home/giacomocastagnetti/code/rec_genome_analysis/data/nanopore/P3_C3.fastq.gz --out-asm /home/giacomocastagnetti/code/rec_genome_analysis/results/assemblies/P3/C3_flye/00-assembly/draft_assembly.fasta --config /home/giacomocastagnetti/code/rec_genome_analysis/.snakemake/conda/9f47a5efe248dbe04a41f86aa0444c17/lib/python3.9/site-packages/flye/config/bin_cfg/asm_nano_hq.cfg --log /home/giacomocastagnetti/code/rec_genome_analysis/results/assemblies/P3/C3_flye/flye.log --threads 4 --genome-size 150000 --min-ovlp 1000 --min-read 20266
[2023-08-29 14:05:13] DEBUG: Build date: May 16 2023 07:05:14
[2023-08-29 14:05:13] DEBUG: Total RAM: 31 Gb
[2023-08-29 14:05:13] DEBUG: Available RAM: 24 Gb
[2023-08-29 14:05:13] DEBUG: Total CPUs: 8
[2023-08-29 14:05:13] DEBUG: Loading /home/giacomocastagnetti/code/rec_genome_analysis/.snakemake/conda/9f47a5efe248dbe04a41f86aa0444c17/lib/python3.9/site-packages/flye/config/bin_cfg/asm_nano_hq.cfg
[2023-08-29 14:05:13] DEBUG: Loading /home/giacomocastagnetti/code/rec_genome_analysis/.snakemake/conda/9f47a5efe248dbe04a41f86aa0444c17/lib/python3.9/site-packages/flye/config/bin_cfg/asm_defaults.cfg
[2023-08-29 14:05:13] DEBUG: 	big_genome_threshold=29000000
[2023-08-29 14:05:13] DEBUG: 	meta_read_filter_kmer_freq=100
[2023-08-29 14:05:13] DEBUG: 	chain_large_gap_penalty=2
[2023-08-29 14:05:13] DEBUG: 	chain_small_gap_penalty=0.5
[2023-08-29 14:05:13] DEBUG: 	chain_gap_jump_threshold=100
[2023-08-29 14:05:13] DEBUG: 	max_coverage_drop_rate=5
[2023-08-29 14:05:13] DEBUG: 	max_extensions_drop_rate=5
[2023-08-29 14:05:13] DEBUG: 	chimera_window=100
[2023-08-29 14:05:13] DEBUG: 	chimera_overhang=1000
[2023-08-29 14:05:13] DEBUG: 	min_reads_in_disjointig=4
[2023-08-29 14:05:13] DEBUG: 	max_inner_reads=10
[2023-08-29 14:05:13] DEBUG: 	max_inner_fraction=0.25
[2023-08-29 14:05:13] DEBUG: 	max_separation=500
[2023-08-29 14:05:13] DEBUG: 	unique_edge_length=50000
[2023-08-29 14:05:13] DEBUG: 	min_repeat_res_support=0.51
[2023-08-29 14:05:13] DEBUG: 	out_paths_ratio=5
[2023-08-29 14:05:13] DEBUG: 	graph_cov_drop_rate=5
[2023-08-29 14:05:13] DEBUG: 	coverage_estimate_window=100
[2023-08-29 14:05:13] DEBUG: 	max_bubble_length=50000
[2023-08-29 14:05:13] DEBUG: 	loop_coverage_rate=1.5
[2023-08-29 14:05:13] DEBUG: 	repeat_edge_cov_mult=1.75
[2023-08-29 14:05:13] DEBUG: 	weak_detach_rate=5
[2023-08-29 14:05:13] DEBUG: 	tip_coverage_rate=2
[2023-08-29 14:05:13] DEBUG: 	tip_length_rate=2
[2023-08-29 14:05:13] DEBUG: 	output_gfa_before_rr=0
[2023-08-29 14:05:13] DEBUG: 	remove_alt_edges=0
[2023-08-29 14:05:13] DEBUG: 	low_cutoff_warning=0
[2023-08-29 14:05:13] DEBUG: 	kmer_size=17
[2023-08-29 14:05:13] DEBUG: 	use_minimizers=1
[2023-08-29 14:05:13] DEBUG: 	minimizer_window=5
[2023-08-29 14:05:13] DEBUG: 	reads_base_alignment=1
[2023-08-29 14:05:13] DEBUG: 	meta_read_top_kmer_rate=0.75
[2023-08-29 14:05:13] DEBUG: 	maximum_jump=1500
[2023-08-29 14:05:13] DEBUG: 	maximum_overhang=1500
[2023-08-29 14:05:13] DEBUG: 	repeat_kmer_rate=100
[2023-08-29 14:05:13] DEBUG: 	assemble_ovlp_divergence=0.05
[2023-08-29 14:05:13] DEBUG: 	assemble_divergence_relative=1
[2023-08-29 14:05:13] DEBUG: 	repeat_graph_ovlp_divergence=0.05
[2023-08-29 14:05:13] DEBUG: 	read_align_ovlp_divergence=0.10
[2023-08-29 14:05:13] DEBUG: 	hpc_scoring_on=1
[2023-08-29 14:05:13] DEBUG: 	add_unassembled_reads=0
[2023-08-29 14:05:13] DEBUG: 	extend_contigs_with_repeats=0
[2023-08-29 14:05:13] DEBUG: 	min_read_cov_cutoff=3
[2023-08-29 14:05:13] DEBUG: 	short_tip_length=20000
[2023-08-29 14:05:13] DEBUG: 	long_tip_length=100000
[2023-08-29 14:05:13] DEBUG: Running with k-mer size: 17
[2023-08-29 14:05:13] DEBUG: Running with minimum overlap 1000
[2023-08-29 14:05:13] DEBUG: Metagenome mode: N
[2023-08-29 14:05:13] DEBUG: Short mode: N
[2023-08-29 14:05:13] INFO: Reading sequences
[2023-08-29 14:05:17] DEBUG: Building positional index
[2023-08-29 14:05:17] DEBUG: Total sequence: 5987190 bp
[2023-08-29 14:05:17] INFO: Building minimizer index
[2023-08-29 14:05:17] INFO: Pre-calculating index storage
[2023-08-29 14:05:18] DEBUG: Mean k-mer frequency: 3.36258
[2023-08-29 14:05:18] DEBUG: Repetitive k-mer frequency: 336
[2023-08-29 14:05:18] DEBUG: Filtered 0 repetitive k-mers (0)
[2023-08-29 14:05:18] INFO: Filling index
[2023-08-29 14:05:19] DEBUG: Sorting k-mer index
[2023-08-29 14:05:19] DEBUG: Selected k-mers: 592225
[2023-08-29 14:05:19] DEBUG: K-mer index size: 1991408
[2023-08-29 14:05:19] DEBUG: Mean k-mer frequency: 3.36259
[2023-08-29 14:05:19] DEBUG: Minimizer rate: 3.00651
[2023-08-29 14:05:19] DEBUG: Peak RAM usage: 0 Gb
[2023-08-29 14:05:19] DEBUG: Estimating k-mer identity bias
[2023-08-29 14:09:45] DEBUG: Initial divergence estimate : 0.0475295
[2023-08-29 14:09:45] DEBUG: Relative threshold: Y
[2023-08-29 14:09:45] DEBUG: Max divergence threshold set to 0.0975295
[2023-08-29 14:09:45] INFO: Extending reads
[2023-08-29 14:09:45] DEBUG: Estimating overlap coverage
[2023-08-29 14:13:55] INFO: Overlap-based coverage: 35
[2023-08-29 14:13:55] INFO: Median overlap divergence: 0.0475295
[2023-08-29 14:13:55] DEBUG: Sequence divergence distribution: 

    |        *          |                                                                                
    |        *          |                                                                                
    |        **         |                                                                                
    |      ****         |                                                                                
    |      ****         |                                                                                
    |      *****        |                                                                                
    |      *****        |                                                                                
    |      *****        |                                                                                
    |      *****        |                                                                                
    |      *****        |                                                                                
    |      ******       |                                                                                
    |      ******       |                                                                                
    |      ******       |                                                                                
    |     ********      |                                                                                
    |     *********     |                                                                                
    |     **********    |                                                                                
    |     *********** * |                                                                                
    |    ************** * *                                                                              
    |   ******************* * *                                                                          
    |   ************************ *  *      ** *                                                          
    ----------------------------------------------------------------------------------------------------
    0%        5%        10%       15%       20%       25%       30%       35%       40%       45%       

    Q25 = 0.038, Q50 = 0.048, Q75 = 0.064

[2023-08-29 14:13:56] DEBUG: Assembled disjointig 1
	With 21 reads
	Start read: +a45faa4c-c65f-4126-b0bf-61cd9ca51e36
	At position: 10
	leftTip: 1 rightTip: 1
	Suspicious: 2
	Short ext: 0
	Mean extensions: 21
	Avg overlap len: 26667
	Min overlap len: 17743
	Inner reads: 0
	Length: 140739
[2023-08-29 14:13:56] DEBUG: Inner: 354 covered: 392 total: 430
[2023-08-29 14:14:40] INFO: Assembled 1 disjointigs
[2023-08-29 14:14:40] INFO: Generating sequence
[2023-08-29 14:14:40] DEBUG: Building positional index
[2023-08-29 14:14:40] DEBUG: Total sequence: 140578 bp
[2023-08-29 14:14:40] DEBUG: Mean k-mer frequency: 1.00311
[2023-08-29 14:14:40] DEBUG: Repetitive k-mer frequency: 100
[2023-08-29 14:14:40] DEBUG: Filtered 0 repetitive k-mers (0)
[2023-08-29 14:14:40] DEBUG: Sorting k-mer index
[2023-08-29 14:14:40] DEBUG: Selected k-mers: 46592
[2023-08-29 14:14:40] DEBUG: K-mer index size: 46738
[2023-08-29 14:14:40] DEBUG: Mean k-mer frequency: 1.00313
[2023-08-29 14:14:40] DEBUG: Minimizer rate: 3.00779
[2023-08-29 14:14:40] INFO: Filtering contained disjointigs
[2023-08-29 14:14:40] DEBUG: Computing transitive closure for overlaps
[2023-08-29 14:14:40] DEBUG: Found 0 overlaps
[2023-08-29 14:14:40] DEBUG: Left 0 overlaps after filtering
[2023-08-29 14:14:40] INFO: Contained seqs: 0
[2023-08-29 14:14:40] DEBUG: Writing FASTA
[2023-08-29 14:14:40] DEBUG: Peak RAM usage: 0 Gb
-----------End assembly log------------
[2023-08-29 14:14:40] root: DEBUG: Disjointigs length: 140578, N50: 140578
[2023-08-29 14:14:40] root: INFO: >>>STAGE: consensus
[2023-08-29 14:14:40] root: INFO: Running Minimap2
[2023-08-29 14:15:24] root: INFO: Computing consensus
[2023-08-29 14:20:52] root: INFO: Alignment error rate: 0.057127
[2023-08-29 14:20:52] root: INFO: >>>STAGE: repeat
[2023-08-29 14:20:52] root: INFO: Building and resolving repeat graph
[2023-08-29 14:20:52] root: DEBUG: -----Begin repeat analyser log------
[2023-08-29 14:20:52] root: DEBUG: Running: flye-modules repeat --disjointigs /home/giacomocastagnetti/code/rec_genome_analysis/results/assemblies/P3/C3_flye/10-consensus/consensus.fasta --reads /home/giacomocastagnetti/code/rec_genome_analysis/data/nanopore/P3_C3.fastq.gz --out-dir /home/giacomocastagnetti/code/rec_genome_analysis/results/assemblies/P3/C3_flye/20-repeat --config /home/giacomocastagnetti/code/rec_genome_analysis/.snakemake/conda/9f47a5efe248dbe04a41f86aa0444c17/lib/python3.9/site-packages/flye/config/bin_cfg/asm_nano_hq.cfg --log /home/giacomocastagnetti/code/rec_genome_analysis/results/assemblies/P3/C3_flye/flye.log --threads 4 --min-ovlp 1000
[2023-08-29 14:20:52] DEBUG: Build date: May 16 2023 07:05:44
[2023-08-29 14:20:52] DEBUG: Total RAM: 31 Gb
[2023-08-29 14:20:52] DEBUG: Available RAM: 19 Gb
[2023-08-29 14:20:52] DEBUG: Total CPUs: 8
[2023-08-29 14:20:52] DEBUG: Loading /home/giacomocastagnetti/code/rec_genome_analysis/.snakemake/conda/9f47a5efe248dbe04a41f86aa0444c17/lib/python3.9/site-packages/flye/config/bin_cfg/asm_nano_hq.cfg
[2023-08-29 14:20:52] DEBUG: Loading /home/giacomocastagnetti/code/rec_genome_analysis/.snakemake/conda/9f47a5efe248dbe04a41f86aa0444c17/lib/python3.9/site-packages/flye/config/bin_cfg/asm_defaults.cfg
[2023-08-29 14:20:52] DEBUG: 	big_genome_threshold=29000000
[2023-08-29 14:20:52] DEBUG: 	meta_read_filter_kmer_freq=100
[2023-08-29 14:20:52] DEBUG: 	chain_large_gap_penalty=2
[2023-08-29 14:20:52] DEBUG: 	chain_small_gap_penalty=0.5
[2023-08-29 14:20:52] DEBUG: 	chain_gap_jump_threshold=100
[2023-08-29 14:20:52] DEBUG: 	max_coverage_drop_rate=5
[2023-08-29 14:20:52] DEBUG: 	max_extensions_drop_rate=5
[2023-08-29 14:20:52] DEBUG: 	chimera_window=100
[2023-08-29 14:20:52] DEBUG: 	chimera_overhang=1000
[2023-08-29 14:20:52] DEBUG: 	min_reads_in_disjointig=4
[2023-08-29 14:20:52] DEBUG: 	max_inner_reads=10
[2023-08-29 14:20:52] DEBUG: 	max_inner_fraction=0.25
[2023-08-29 14:20:52] DEBUG: 	max_separation=500
[2023-08-29 14:20:52] DEBUG: 	unique_edge_length=50000
[2023-08-29 14:20:52] DEBUG: 	min_repeat_res_support=0.51
[2023-08-29 14:20:52] DEBUG: 	out_paths_ratio=5
[2023-08-29 14:20:52] DEBUG: 	graph_cov_drop_rate=5
[2023-08-29 14:20:52] DEBUG: 	coverage_estimate_window=100
[2023-08-29 14:20:52] DEBUG: 	max_bubble_length=50000
[2023-08-29 14:20:52] DEBUG: 	loop_coverage_rate=1.5
[2023-08-29 14:20:52] DEBUG: 	repeat_edge_cov_mult=1.75
[2023-08-29 14:20:52] DEBUG: 	weak_detach_rate=5
[2023-08-29 14:20:52] DEBUG: 	tip_coverage_rate=2
[2023-08-29 14:20:52] DEBUG: 	tip_length_rate=2
[2023-08-29 14:20:52] DEBUG: 	output_gfa_before_rr=0
[2023-08-29 14:20:52] DEBUG: 	remove_alt_edges=0
[2023-08-29 14:20:52] DEBUG: 	low_cutoff_warning=0
[2023-08-29 14:20:52] DEBUG: 	kmer_size=17
[2023-08-29 14:20:52] DEBUG: 	use_minimizers=1
[2023-08-29 14:20:52] DEBUG: 	minimizer_window=5
[2023-08-29 14:20:52] DEBUG: 	reads_base_alignment=1
[2023-08-29 14:20:52] DEBUG: 	meta_read_top_kmer_rate=0.75
[2023-08-29 14:20:52] DEBUG: 	maximum_jump=1500
[2023-08-29 14:20:52] DEBUG: 	maximum_overhang=1500
[2023-08-29 14:20:52] DEBUG: 	repeat_kmer_rate=100
[2023-08-29 14:20:52] DEBUG: 	assemble_ovlp_divergence=0.05
[2023-08-29 14:20:52] DEBUG: 	assemble_divergence_relative=1
[2023-08-29 14:20:52] DEBUG: 	repeat_graph_ovlp_divergence=0.05
[2023-08-29 14:20:52] DEBUG: 	read_align_ovlp_divergence=0.10
[2023-08-29 14:20:52] DEBUG: 	hpc_scoring_on=1
[2023-08-29 14:20:52] DEBUG: 	add_unassembled_reads=0
[2023-08-29 14:20:52] DEBUG: 	extend_contigs_with_repeats=0
[2023-08-29 14:20:52] DEBUG: 	min_read_cov_cutoff=3
[2023-08-29 14:20:52] DEBUG: 	short_tip_length=20000
[2023-08-29 14:20:52] DEBUG: 	long_tip_length=100000
[2023-08-29 14:20:52] DEBUG: Running with k-mer size: 17
[2023-08-29 14:20:52] DEBUG: Selected minimum overlap 1000
[2023-08-29 14:20:52] DEBUG: Metagenome mode: N
[2023-08-29 14:20:52] INFO: Parsing disjointigs
[2023-08-29 14:20:52] DEBUG: Building positional index
[2023-08-29 14:20:52] DEBUG: Total sequence: 141083 bp
[2023-08-29 14:20:52] INFO: Building repeat graph
[2023-08-29 14:20:52] DEBUG: Mean k-mer frequency: 1.00355
[2023-08-29 14:20:52] DEBUG: Repetitive k-mer frequency: 100
[2023-08-29 14:20:52] DEBUG: Filtered 0 repetitive k-mers (0)
[2023-08-29 14:20:52] DEBUG: Sorting k-mer index
[2023-08-29 14:20:52] DEBUG: Selected k-mers: 46775
[2023-08-29 14:20:52] DEBUG: K-mer index size: 46942
[2023-08-29 14:20:52] DEBUG: Mean k-mer frequency: 1.00357
[2023-08-29 14:20:52] DEBUG: Minimizer rate: 3.00547
[2023-08-29 14:20:52] DEBUG: Computing transitive closure for overlaps
[2023-08-29 14:20:52] DEBUG: Found 0 overlaps
[2023-08-29 14:20:52] DEBUG: Left 0 overlaps after filtering
[2023-08-29 14:20:52] INFO: Median overlap divergence: 0
[2023-08-29 14:20:52] DEBUG: Sequence divergence distribution: 

    |          |                                                                                         
    |          |                                                                                         
    |          |                                                                                         
    |          |                                                                                         
    |          |                                                                                         
    |          |                                                                                         
    |          |                                                                                         
    |          |                                                                                         
    |          |                                                                                         
    |          |                                                                                         
    |          |                                                                                         
    |          |                                                                                         
    |          |                                                                                         
    |          |                                                                                         
    |          |                                                                                         
    |          |                                                                                         
    |          |                                                                                         
    |          |                                                                                         
    |          |                                                                                         
    |          |                                                                                         
    ----------------------------------------------------------------------------------------------------
    0%        5%        10%       15%       20%       25%       30%       35%       40%       45%       

    Q25 = 0, Q50 = 0, Q75 = 0

[2023-08-29 14:20:52] DEBUG: Computing gluepoints
[2023-08-29 14:20:52] DEBUG: Added 0 gluepoint projections
[2023-08-29 14:20:52] DEBUG: Created 4 gluepoints
[2023-08-29 14:20:52] DEBUG: Artificial loops removed: 0 left, 0 right, 0 both
[2023-08-29 14:20:52] DEBUG: Initializing edges
[2023-08-29 14:20:52] DEBUG: Edges length checksum: 18446744072138845860
[2023-08-29 14:20:52] DEBUG: Filtered 0 singleton segments
[2023-08-29 14:20:52] DEBUG: Removed 0 simple and 0 double chimeric junctions
[2023-08-29 14:20:52] DEBUG: Collapsed 0 edges
[2023-08-29 14:20:52] DEBUG: *	1	+disjointig_1	0	141082	141082	
[2023-08-29 14:20:52] DEBUG: Total edges: 1
[2023-08-29 14:20:52] INFO: Parsing reads
[2023-08-29 14:20:58] DEBUG: Building positional index
[2023-08-29 14:20:58] DEBUG: Total sequence: 134033372 bp
[2023-08-29 14:20:58] DEBUG: Building positional index
[2023-08-29 14:20:58] DEBUG: Total sequence: 141082 bp
[2023-08-29 14:20:58] INFO: Aligning reads to the graph
[2023-08-29 14:20:58] DEBUG: Mean k-mer frequency: 1.00353
[2023-08-29 14:20:58] DEBUG: Repetitive k-mer frequency: 100
[2023-08-29 14:20:58] DEBUG: Filtered 0 repetitive k-mers (0)
[2023-08-29 14:20:58] DEBUG: Sorting k-mer index
[2023-08-29 14:20:58] DEBUG: Selected k-mers: 46775
[2023-08-29 14:20:58] DEBUG: K-mer index size: 46941
[2023-08-29 14:20:58] DEBUG: Mean k-mer frequency: 1.00355
[2023-08-29 14:20:58] DEBUG: Minimizer rate: 3.00552
[2023-08-29 14:21:40] DEBUG: Total reads : 31988
[2023-08-29 14:21:40] DEBUG: Read with aligned parts : 31100
[2023-08-29 14:21:40] DEBUG: Aligned in one piece : 30973
[2023-08-29 14:21:40] INFO: Aligned read sequence: 117515550 / 121953758 (0.963607)
[2023-08-29 14:21:40] INFO: Median overlap divergence: 0.0252048
[2023-08-29 14:21:40] DEBUG: Sequence divergence distribution: 

    |   **               |                                                                               
    |   **               |                                                                               
    |   **               |                                                                               
    |   **               |                                                                               
    |   **               |                                                                               
    |   ***              |                                                                               
    |   ***              |                                                                               
    |   ***              |                                                                               
    |  ****              |                                                                               
    |  *****             |                                                                               
    |  *****             |                                                                               
    |  *****             |                                                                               
    |  ******            |                                                                               
    |  ******            |                                                                               
    |  *******           |                                                                               
    |  *******           |                                                                               
    | **********         |                                                                               
    | ***********        |                                                                               
    | ****************   |                                                                               
    |************************************* **      *         *    * *      *                             
    ----------------------------------------------------------------------------------------------------
    0%        5%        10%       15%       20%       25%       30%       35%       40%       45%       

    Q25 = 0.018, Q50 = 0.025, Q75 = 0.037

[2023-08-29 14:21:41] INFO: Mean edge coverage: 814
[2023-08-29 14:21:41] DEBUG: 1	len:141082	cov:817	mult:1.00369
[2023-08-29 14:21:41] DEBUG: -1	len:141082	cov:817	mult:1.00369
[2023-08-29 14:21:41] DEBUG: Unique coverage threshold 1429
[2023-08-29 14:21:41] INFO: Simplifying the graph
[2023-08-29 14:21:41] DEBUG: Read coverage cutoff: 163
[2023-08-29 14:21:41] DEBUG: [SIMPL] Removed 0 paths with low coverage
[2023-08-29 14:21:41] DEBUG: [SIMPL] Masked 0 heterozygous loops
[2023-08-29 14:21:41] DEBUG: [SIMPL] Masked 0 simple bubbles
[2023-08-29 14:21:41] DEBUG: Finding repeats
[2023-08-29 14:21:41] DEBUG: Read coverage cutoff: 163
[2023-08-29 14:21:41] DEBUG: Repeat detection iteration 1
[2023-08-29 14:21:41] DEBUG: Writing Dot
[2023-08-29 14:21:41] DEBUG: Writing FASTA
[2023-08-29 14:21:41] DEBUG: [SIMPL] == Iteration 1 ==
[2023-08-29 14:21:41] DEBUG: Splitting nodes
[2023-08-29 14:21:41] DEBUG: [SIMPL] Split 0 nodes
[2023-08-29 14:21:41] DEBUG: [SIMPL] Clipped 0 short and 0 long tips
[2023-08-29 14:21:41] DEBUG: [SIMPL] Masked 0 heterozygous loops
[2023-08-29 14:21:41] DEBUG: [SIMPL] Masked 0 simple bubbles
[2023-08-29 14:21:41] DEBUG: Finding repeats
[2023-08-29 14:21:41] DEBUG: Read coverage cutoff: 163
[2023-08-29 14:21:41] DEBUG: Repeat detection iteration 1
[2023-08-29 14:21:41] DEBUG: Total unique edges: 1
[2023-08-29 14:21:41] DEBUG: [SIMPL] Resolved repeats: 0
[2023-08-29 14:21:41] DEBUG: RR links: 0
[2023-08-29 14:21:41] DEBUG: Unresolved: 0
[2023-08-29 14:21:41] DEBUG: Removed 0 simple and 0 double chimeric junctions
[2023-08-29 14:21:41] DEBUG: [SIMPL] Collapsed 0 haplotypes
[2023-08-29 14:21:41] DEBUG: [SIMPL] Resolved 0 simple repeats
[2023-08-29 14:21:41] DEBUG: Read coverage cutoff: 163
[2023-08-29 14:21:41] DEBUG: [SIMPL] Removed 0 paths with low coverage
[2023-08-29 14:21:41] DEBUG: Finding repeats
[2023-08-29 14:21:41] DEBUG: Read coverage cutoff: 163
[2023-08-29 14:21:41] DEBUG: Repeat detection iteration 1
[2023-08-29 14:21:41] DEBUG: Writing Dot
[2023-08-29 14:21:41] DEBUG: Writing FASTA
[2023-08-29 14:21:41] DEBUG: Peak RAM usage: 0 Gb
-----------End assembly log------------
[2023-08-29 14:21:41] root: INFO: >>>STAGE: contigger
[2023-08-29 14:21:41] root: INFO: Generating contigs
[2023-08-29 14:21:41] root: DEBUG: -----Begin contigger analyser log------
[2023-08-29 14:21:41] root: DEBUG: Running: flye-modules contigger --graph-edges /home/giacomocastagnetti/code/rec_genome_analysis/results/assemblies/P3/C3_flye/20-repeat/repeat_graph_edges.fasta --reads /home/giacomocastagnetti/code/rec_genome_analysis/data/nanopore/P3_C3.fastq.gz --out-dir /home/giacomocastagnetti/code/rec_genome_analysis/results/assemblies/P3/C3_flye/30-contigger --config /home/giacomocastagnetti/code/rec_genome_analysis/.snakemake/conda/9f47a5efe248dbe04a41f86aa0444c17/lib/python3.9/site-packages/flye/config/bin_cfg/asm_nano_hq.cfg --repeat-graph /home/giacomocastagnetti/code/rec_genome_analysis/results/assemblies/P3/C3_flye/20-repeat/repeat_graph_dump --graph-aln /home/giacomocastagnetti/code/rec_genome_analysis/results/assemblies/P3/C3_flye/20-repeat/read_alignment_dump --log /home/giacomocastagnetti/code/rec_genome_analysis/results/assemblies/P3/C3_flye/flye.log --threads 4 --min-ovlp 1000
[2023-08-29 14:21:41] DEBUG: Build date: May 16 2023 07:06:14
[2023-08-29 14:21:41] DEBUG: Total RAM: 31 Gb
[2023-08-29 14:21:41] DEBUG: Available RAM: 19 Gb
[2023-08-29 14:21:41] DEBUG: Total CPUs: 8
[2023-08-29 14:21:41] DEBUG: Loading /home/giacomocastagnetti/code/rec_genome_analysis/.snakemake/conda/9f47a5efe248dbe04a41f86aa0444c17/lib/python3.9/site-packages/flye/config/bin_cfg/asm_nano_hq.cfg
[2023-08-29 14:21:41] DEBUG: Loading /home/giacomocastagnetti/code/rec_genome_analysis/.snakemake/conda/9f47a5efe248dbe04a41f86aa0444c17/lib/python3.9/site-packages/flye/config/bin_cfg/asm_defaults.cfg
[2023-08-29 14:21:41] DEBUG: 	big_genome_threshold=29000000
[2023-08-29 14:21:41] DEBUG: 	meta_read_filter_kmer_freq=100
[2023-08-29 14:21:41] DEBUG: 	chain_large_gap_penalty=2
[2023-08-29 14:21:41] DEBUG: 	chain_small_gap_penalty=0.5
[2023-08-29 14:21:41] DEBUG: 	chain_gap_jump_threshold=100
[2023-08-29 14:21:41] DEBUG: 	max_coverage_drop_rate=5
[2023-08-29 14:21:41] DEBUG: 	max_extensions_drop_rate=5
[2023-08-29 14:21:41] DEBUG: 	chimera_window=100
[2023-08-29 14:21:41] DEBUG: 	chimera_overhang=1000
[2023-08-29 14:21:41] DEBUG: 	min_reads_in_disjointig=4
[2023-08-29 14:21:41] DEBUG: 	max_inner_reads=10
[2023-08-29 14:21:41] DEBUG: 	max_inner_fraction=0.25
[2023-08-29 14:21:41] DEBUG: 	max_separation=500
[2023-08-29 14:21:41] DEBUG: 	unique_edge_length=50000
[2023-08-29 14:21:41] DEBUG: 	min_repeat_res_support=0.51
[2023-08-29 14:21:41] DEBUG: 	out_paths_ratio=5
[2023-08-29 14:21:41] DEBUG: 	graph_cov_drop_rate=5
[2023-08-29 14:21:41] DEBUG: 	coverage_estimate_window=100
[2023-08-29 14:21:41] DEBUG: 	max_bubble_length=50000
[2023-08-29 14:21:41] DEBUG: 	loop_coverage_rate=1.5
[2023-08-29 14:21:41] DEBUG: 	repeat_edge_cov_mult=1.75
[2023-08-29 14:21:41] DEBUG: 	weak_detach_rate=5
[2023-08-29 14:21:41] DEBUG: 	tip_coverage_rate=2
[2023-08-29 14:21:41] DEBUG: 	tip_length_rate=2
[2023-08-29 14:21:41] DEBUG: 	output_gfa_before_rr=0
[2023-08-29 14:21:41] DEBUG: 	remove_alt_edges=0
[2023-08-29 14:21:41] DEBUG: 	low_cutoff_warning=0
[2023-08-29 14:21:41] DEBUG: 	kmer_size=17
[2023-08-29 14:21:41] DEBUG: 	use_minimizers=1
[2023-08-29 14:21:41] DEBUG: 	minimizer_window=5
[2023-08-29 14:21:41] DEBUG: 	reads_base_alignment=1
[2023-08-29 14:21:41] DEBUG: 	meta_read_top_kmer_rate=0.75
[2023-08-29 14:21:41] DEBUG: 	maximum_jump=1500
[2023-08-29 14:21:41] DEBUG: 	maximum_overhang=1500
[2023-08-29 14:21:41] DEBUG: 	repeat_kmer_rate=100
[2023-08-29 14:21:41] DEBUG: 	assemble_ovlp_divergence=0.05
[2023-08-29 14:21:41] DEBUG: 	assemble_divergence_relative=1
[2023-08-29 14:21:41] DEBUG: 	repeat_graph_ovlp_divergence=0.05
[2023-08-29 14:21:41] DEBUG: 	read_align_ovlp_divergence=0.10
[2023-08-29 14:21:41] DEBUG: 	hpc_scoring_on=1
[2023-08-29 14:21:41] DEBUG: 	add_unassembled_reads=0
[2023-08-29 14:21:41] DEBUG: 	extend_contigs_with_repeats=0
[2023-08-29 14:21:41] DEBUG: 	min_read_cov_cutoff=3
[2023-08-29 14:21:41] DEBUG: 	short_tip_length=20000
[2023-08-29 14:21:41] DEBUG: 	long_tip_length=100000
[2023-08-29 14:21:41] DEBUG: Running with k-mer size: 17
[2023-08-29 14:21:41] DEBUG: Selected minimum overlap 1000
[2023-08-29 14:21:41] INFO: Reading sequences
[2023-08-29 14:21:47] DEBUG: Building positional index
[2023-08-29 14:21:47] DEBUG: Total sequence: 134033372 bp
[2023-08-29 14:21:48] DEBUG: Flipped 0
[2023-08-29 14:21:48] DEBUG: UPath 1: 1
[2023-08-29 14:21:48] DEBUG: Final graph contains 1 egdes
[2023-08-29 14:21:48] DEBUG: Extending contigs into repeats
[2023-08-29 14:21:48] DEBUG: Covered 0 repetitive contigs
[2023-08-29 14:21:48] INFO: Generated 1 contigs
[2023-08-29 14:21:48] DEBUG: Writing FASTA
[2023-08-29 14:21:48] DEBUG: Generating scaffold connections
[2023-08-29 14:21:48] INFO: Added 0 scaffold connections
[2023-08-29 14:21:48] DEBUG: Writing Dot
[2023-08-29 14:21:48] DEBUG: Writing FASTA
[2023-08-29 14:21:48] DEBUG: Writing Gfa
[2023-08-29 14:21:48] DEBUG: Peak RAM usage: 0 Gb
-----------End assembly log------------
[2023-08-29 14:21:48] root: INFO: >>>STAGE: polishing
[2023-08-29 14:21:48] root: INFO: Polishing genome (1/1)
[2023-08-29 14:21:48] root: INFO: Running minimap2
[2023-08-29 14:22:37] root: INFO: Separating alignment into bubbles
[2023-08-29 14:28:44] root: DEBUG: Generated 9319 bubbles
[2023-08-29 14:28:44] root: DEBUG: Split 0 long bubbles
[2023-08-29 14:28:44] root: DEBUG: Skipped 0 empty bubbles
[2023-08-29 14:28:44] root: DEBUG: Skipped 0 bubbles with long branches
[2023-08-29 14:28:44] root: INFO: Alignment error rate: 0.035125
[2023-08-29 14:28:44] root: INFO: Correcting bubbles
[2023-08-29 14:28:51] root: DEBUG: Mean contig coverage: 930, selected threshold: 186
[2023-08-29 14:28:51] root: DEBUG: Filtered 0 contigs of total length 0
[2023-08-29 14:28:51] root: DEBUG: Generating polished GFA
[2023-08-29 14:28:51] root: DEBUG: 0 sequences remained unpolished
[2023-08-29 14:28:51] root: INFO: >>>STAGE: finalize
[2023-08-29 14:28:51] root: DEBUG: ---Output dir contents:----
[2023-08-29 14:28:51] root: DEBUG: C3_flye/
[2023-08-29 14:28:51] root: DEBUG:     137.0 K     assembly_graph.gfa
[2023-08-29 14:28:51] root: DEBUG:     29.0 K      flye.log
[2023-08-29 14:28:51] root: DEBUG:     140.0 K     assembly.fasta
[2023-08-29 14:28:51] root: DEBUG:     96.0 B      params.json
[2023-08-29 14:28:51] root: DEBUG:     369.0 B     assembly_graph.gv
[2023-08-29 14:28:51] root: DEBUG:     10-consensus/
[2023-08-29 14:28:51] root: DEBUG:         140.0 K     consensus.fasta
[2023-08-29 14:28:51] root: DEBUG:         1003.0 B    minimap.stderr
[2023-08-29 14:28:51] root: DEBUG:         34.0 K      minimap.bam.bai
[2023-08-29 14:28:51] root: DEBUG:     20-repeat/
[2023-08-29 14:28:51] root: DEBUG:         369.0 B     graph_after_rr.gv
[2023-08-29 14:28:51] root: DEBUG:         139.0 K     graph_before_rr.fasta
[2023-08-29 14:28:51] root: DEBUG:         139.0 K     repeat_graph_edges.fasta
[2023-08-29 14:28:51] root: DEBUG:         369.0 B     graph_before_rr.gv
[2023-08-29 14:28:51] root: DEBUG:         8.0 M       read_alignment_dump
[2023-08-29 14:28:51] root: DEBUG:         185.0 B     repeat_graph_dump
[2023-08-29 14:28:51] root: DEBUG:     30-contigger/
[2023-08-29 14:28:51] root: DEBUG:         139.0 K     graph_final.fasta
[2023-08-29 14:28:51] root: DEBUG:         139.0 K     contigs.fasta
[2023-08-29 14:28:51] root: DEBUG:         25.0 B      contigs.fasta.fai
[2023-08-29 14:28:51] root: DEBUG:         0.0 B       scaffolds_links.txt
[2023-08-29 14:28:51] root: DEBUG:         369.0 B     graph_final.gv
[2023-08-29 14:28:51] root: DEBUG:         112.0 B     contigs_stats.txt
[2023-08-29 14:28:51] root: DEBUG:         137.0 K     graph_final.gfa
[2023-08-29 14:28:51] root: DEBUG:     40-polishing/
[2023-08-29 14:28:51] root: DEBUG:         42.0 K      base_coverage.bed.gz
[2023-08-29 14:28:51] root: DEBUG:         33.0 K      minimap_1.bam.bai
[2023-08-29 14:28:51] root: DEBUG:         140.0 K     filtered_contigs.fasta
[2023-08-29 14:28:51] root: DEBUG:         968.0 B     minimap.stderr
[2023-08-29 14:28:51] root: DEBUG:         25.0 B      filtered_contigs.fasta.fai
[2023-08-29 14:28:51] root: DEBUG:         160.0 B     edges_aln.bam.bai
[2023-08-29 14:28:51] root: DEBUG:         46.0 B      contigs_stats.txt
[2023-08-29 14:28:51] root: DEBUG:         46.0 B      filtered_stats.txt
[2023-08-29 14:28:51] root: DEBUG:         137.0 K     polished_edges.gfa
[2023-08-29 14:28:51] root: DEBUG:     00-assembly/
[2023-08-29 14:28:51] root: DEBUG:         139.0 K     draft_assembly.fasta
[2023-08-29 14:28:51] root: DEBUG:         29.0 B      draft_assembly.fasta.fai
[2023-08-29 14:28:51] root: DEBUG: --------------------------
[2023-08-29 14:28:51] root: INFO: Assembly statistics:

	Total length:	141089
	Fragments:	1
	Fragments N50:	141089
	Largest frg:	141089
	Scaffolds:	0
	Mean coverage:	930

[2023-08-29 14:28:51] root: INFO: Final assembly: /home/giacomocastagnetti/code/rec_genome_analysis/results/assemblies/P3/C3_flye/assembly.fasta
