[2023-08-29 14:05:11] root: INFO: Starting Flye 2.9.2-b1786
[2023-08-29 14:05:11] root: DEBUG: Cmd: /home/giacomocastagnetti/code/rec_genome_analysis/.snakemake/conda/9f47a5efe248dbe04a41f86aa0444c17/bin/flye --nano-hq data/nanopore/P3_C1.fastq.gz --out-dir results/assemblies/P3/C1_flye --threads 4 --genome-size 0.150m --asm-coverage 40
[2023-08-29 14:05:11] root: DEBUG: Python version: 3.9.16 (main, May 15 2023, 23:46:34) 
[GCC 11.2.0]
[2023-08-29 14:05:11] root: INFO: >>>STAGE: configure
[2023-08-29 14:05:11] root: INFO: Configuring run
[2023-08-29 14:05:14] root: INFO: Total read length: 133378938
[2023-08-29 14:05:14] root: INFO: Input genome size: 150000
[2023-08-29 14:05:14] root: INFO: Estimated coverage: 889
[2023-08-29 14:05:14] root: INFO: Reads N50/N90: 2903 / 772
[2023-08-29 14:05:14] root: INFO: Minimum overlap set to 1000
[2023-08-29 14:05:14] root: INFO: Using longest 40x reads for contig assembly
[2023-08-29 14:05:14] root: DEBUG: Min read length cutoff: 17221
[2023-08-29 14:05:14] root: INFO: >>>STAGE: assembly
[2023-08-29 14:05:14] root: INFO: Assembling disjointigs
[2023-08-29 14:05:14] root: DEBUG: -----Begin assembly log------
[2023-08-29 14:05:14] root: DEBUG: Running: flye-modules assemble --reads /home/giacomocastagnetti/code/rec_genome_analysis/data/nanopore/P3_C1.fastq.gz --out-asm /home/giacomocastagnetti/code/rec_genome_analysis/results/assemblies/P3/C1_flye/00-assembly/draft_assembly.fasta --config /home/giacomocastagnetti/code/rec_genome_analysis/.snakemake/conda/9f47a5efe248dbe04a41f86aa0444c17/lib/python3.9/site-packages/flye/config/bin_cfg/asm_nano_hq.cfg --log /home/giacomocastagnetti/code/rec_genome_analysis/results/assemblies/P3/C1_flye/flye.log --threads 4 --genome-size 150000 --min-ovlp 1000 --min-read 17221
[2023-08-29 14:05:14] DEBUG: Build date: May 16 2023 07:05:14
[2023-08-29 14:05:14] DEBUG: Total RAM: 31 Gb
[2023-08-29 14:05:14] DEBUG: Available RAM: 24 Gb
[2023-08-29 14:05:14] DEBUG: Total CPUs: 8
[2023-08-29 14:05:14] DEBUG: Loading /home/giacomocastagnetti/code/rec_genome_analysis/.snakemake/conda/9f47a5efe248dbe04a41f86aa0444c17/lib/python3.9/site-packages/flye/config/bin_cfg/asm_nano_hq.cfg
[2023-08-29 14:05:14] DEBUG: Loading /home/giacomocastagnetti/code/rec_genome_analysis/.snakemake/conda/9f47a5efe248dbe04a41f86aa0444c17/lib/python3.9/site-packages/flye/config/bin_cfg/asm_defaults.cfg
[2023-08-29 14:05:14] DEBUG: 	big_genome_threshold=29000000
[2023-08-29 14:05:14] DEBUG: 	meta_read_filter_kmer_freq=100
[2023-08-29 14:05:14] DEBUG: 	chain_large_gap_penalty=2
[2023-08-29 14:05:14] DEBUG: 	chain_small_gap_penalty=0.5
[2023-08-29 14:05:14] DEBUG: 	chain_gap_jump_threshold=100
[2023-08-29 14:05:14] DEBUG: 	max_coverage_drop_rate=5
[2023-08-29 14:05:14] DEBUG: 	max_extensions_drop_rate=5
[2023-08-29 14:05:14] DEBUG: 	chimera_window=100
[2023-08-29 14:05:14] DEBUG: 	chimera_overhang=1000
[2023-08-29 14:05:14] DEBUG: 	min_reads_in_disjointig=4
[2023-08-29 14:05:14] DEBUG: 	max_inner_reads=10
[2023-08-29 14:05:14] DEBUG: 	max_inner_fraction=0.25
[2023-08-29 14:05:14] DEBUG: 	max_separation=500
[2023-08-29 14:05:14] DEBUG: 	unique_edge_length=50000
[2023-08-29 14:05:14] DEBUG: 	min_repeat_res_support=0.51
[2023-08-29 14:05:14] DEBUG: 	out_paths_ratio=5
[2023-08-29 14:05:14] DEBUG: 	graph_cov_drop_rate=5
[2023-08-29 14:05:14] DEBUG: 	coverage_estimate_window=100
[2023-08-29 14:05:14] DEBUG: 	max_bubble_length=50000
[2023-08-29 14:05:14] DEBUG: 	loop_coverage_rate=1.5
[2023-08-29 14:05:14] DEBUG: 	repeat_edge_cov_mult=1.75
[2023-08-29 14:05:14] DEBUG: 	weak_detach_rate=5
[2023-08-29 14:05:14] DEBUG: 	tip_coverage_rate=2
[2023-08-29 14:05:14] DEBUG: 	tip_length_rate=2
[2023-08-29 14:05:14] DEBUG: 	output_gfa_before_rr=0
[2023-08-29 14:05:14] DEBUG: 	remove_alt_edges=0
[2023-08-29 14:05:14] DEBUG: 	low_cutoff_warning=0
[2023-08-29 14:05:14] DEBUG: 	kmer_size=17
[2023-08-29 14:05:14] DEBUG: 	use_minimizers=1
[2023-08-29 14:05:14] DEBUG: 	minimizer_window=5
[2023-08-29 14:05:14] DEBUG: 	reads_base_alignment=1
[2023-08-29 14:05:14] DEBUG: 	meta_read_top_kmer_rate=0.75
[2023-08-29 14:05:14] DEBUG: 	maximum_jump=1500
[2023-08-29 14:05:14] DEBUG: 	maximum_overhang=1500
[2023-08-29 14:05:14] DEBUG: 	repeat_kmer_rate=100
[2023-08-29 14:05:14] DEBUG: 	assemble_ovlp_divergence=0.05
[2023-08-29 14:05:14] DEBUG: 	assemble_divergence_relative=1
[2023-08-29 14:05:14] DEBUG: 	repeat_graph_ovlp_divergence=0.05
[2023-08-29 14:05:14] DEBUG: 	read_align_ovlp_divergence=0.10
[2023-08-29 14:05:14] DEBUG: 	hpc_scoring_on=1
[2023-08-29 14:05:14] DEBUG: 	add_unassembled_reads=0
[2023-08-29 14:05:14] DEBUG: 	extend_contigs_with_repeats=0
[2023-08-29 14:05:14] DEBUG: 	min_read_cov_cutoff=3
[2023-08-29 14:05:14] DEBUG: 	short_tip_length=20000
[2023-08-29 14:05:14] DEBUG: 	long_tip_length=100000
[2023-08-29 14:05:14] DEBUG: Running with k-mer size: 17
[2023-08-29 14:05:14] DEBUG: Running with minimum overlap 1000
[2023-08-29 14:05:14] DEBUG: Metagenome mode: N
[2023-08-29 14:05:14] DEBUG: Short mode: N
[2023-08-29 14:05:14] INFO: Reading sequences
[2023-08-29 14:05:20] DEBUG: Building positional index
[2023-08-29 14:05:20] DEBUG: Total sequence: 5984212 bp
[2023-08-29 14:05:20] INFO: Building minimizer index
[2023-08-29 14:05:21] INFO: Pre-calculating index storage
[2023-08-29 14:05:21] DEBUG: Mean k-mer frequency: 2.87371
[2023-08-29 14:05:21] DEBUG: Repetitive k-mer frequency: 287
[2023-08-29 14:05:21] DEBUG: Filtered 460 repetitive k-mers (0.000231095)
[2023-08-29 14:05:21] INFO: Filling index
[2023-08-29 14:05:22] DEBUG: Sorting k-mer index
[2023-08-29 14:05:22] DEBUG: Selected k-mers: 692666
[2023-08-29 14:05:22] DEBUG: K-mer index size: 1990066
[2023-08-29 14:05:22] DEBUG: Mean k-mer frequency: 2.87305
[2023-08-29 14:05:22] DEBUG: Minimizer rate: 3.00704
[2023-08-29 14:05:22] DEBUG: Peak RAM usage: 0 Gb
[2023-08-29 14:05:22] DEBUG: Estimating k-mer identity bias
[2023-08-29 14:07:34] DEBUG: Initial divergence estimate : 0.0536585
[2023-08-29 14:07:34] DEBUG: Relative threshold: Y
[2023-08-29 14:07:34] DEBUG: Max divergence threshold set to 0.103659
[2023-08-29 14:07:34] INFO: Extending reads
[2023-08-29 14:07:34] DEBUG: Estimating overlap coverage
[2023-08-29 14:09:55] INFO: Overlap-based coverage: 29
[2023-08-29 14:09:55] INFO: Median overlap divergence: 0.0478345
[2023-08-29 14:09:55] DEBUG: Sequence divergence distribution: 

    |       **           |                                                                               
    |       **           |                                                                               
    |       **           |                                                                               
    |      ***           |                                                                               
    |      ***           |                                                                               
    |      ***           |                                                                               
    |      ***           |                                                                               
    |      ***           |                                                                               
    |      ***           |                                                                               
    |      ***           |                                                                               
    |      *****         |                                                                               
    |      *****  *      |                                                                               
    |      *****  **     |                                                                               
    |      ***** ***     |                                                                               
    |     ********** *   |                                                                               
    |     ********** *   |                                                                               
    |     *************  |                                                                               
    |     ****************                                                                               
    |    ***************** ***                                                                           
    |    **************************  *  *                                *                               
    ----------------------------------------------------------------------------------------------------
    0%        5%        10%       15%       20%       25%       30%       35%       40%       45%       

    Q25 = 0.038, Q50 = 0.048, Q75 = 0.071

[2023-08-29 14:09:55] DEBUG: Assembled disjointig 1
	With 17 reads
	Start read: +6d9c69d9-5a25-4d69-8846-634d9e255d5e
	At position: 16
	leftTip: 1 rightTip: 1
	Suspicious: 2
	Short ext: 0
	Mean extensions: 26
	Avg overlap len: 22098
	Min overlap len: 15765
	Inner reads: 0
	Length: 139878
[2023-08-29 14:09:55] DEBUG: Inner: 376 covered: 412 total: 496
[2023-08-29 14:10:00] INFO: Assembled 1 disjointigs
[2023-08-29 14:10:00] INFO: Generating sequence
[2023-08-29 14:10:01] DEBUG: Building positional index
[2023-08-29 14:10:01] DEBUG: Total sequence: 139811 bp
[2023-08-29 14:10:01] DEBUG: Mean k-mer frequency: 1.00299
[2023-08-29 14:10:01] DEBUG: Repetitive k-mer frequency: 100
[2023-08-29 14:10:01] DEBUG: Filtered 0 repetitive k-mers (0)
[2023-08-29 14:10:01] DEBUG: Sorting k-mer index
[2023-08-29 14:10:01] DEBUG: Selected k-mers: 46428
[2023-08-29 14:10:01] DEBUG: K-mer index size: 46568
[2023-08-29 14:10:01] DEBUG: Mean k-mer frequency: 1.00302
[2023-08-29 14:10:01] DEBUG: Minimizer rate: 3.0023
[2023-08-29 14:10:01] INFO: Filtering contained disjointigs
[2023-08-29 14:10:01] DEBUG: Computing transitive closure for overlaps
[2023-08-29 14:10:01] DEBUG: Found 0 overlaps
[2023-08-29 14:10:01] DEBUG: Left 0 overlaps after filtering
[2023-08-29 14:10:01] INFO: Contained seqs: 0
[2023-08-29 14:10:01] DEBUG: Writing FASTA
[2023-08-29 14:10:01] DEBUG: Peak RAM usage: 0 Gb
-----------End assembly log------------
[2023-08-29 14:10:01] root: DEBUG: Disjointigs length: 139811, N50: 139811
[2023-08-29 14:10:01] root: INFO: >>>STAGE: consensus
[2023-08-29 14:10:01] root: INFO: Running Minimap2
[2023-08-29 14:11:29] root: INFO: Computing consensus
[2023-08-29 14:18:05] root: INFO: Alignment error rate: 0.056501
[2023-08-29 14:18:05] root: INFO: >>>STAGE: repeat
[2023-08-29 14:18:05] root: INFO: Building and resolving repeat graph
[2023-08-29 14:18:05] root: DEBUG: -----Begin repeat analyser log------
[2023-08-29 14:18:05] root: DEBUG: Running: flye-modules repeat --disjointigs /home/giacomocastagnetti/code/rec_genome_analysis/results/assemblies/P3/C1_flye/10-consensus/consensus.fasta --reads /home/giacomocastagnetti/code/rec_genome_analysis/data/nanopore/P3_C1.fastq.gz --out-dir /home/giacomocastagnetti/code/rec_genome_analysis/results/assemblies/P3/C1_flye/20-repeat --config /home/giacomocastagnetti/code/rec_genome_analysis/.snakemake/conda/9f47a5efe248dbe04a41f86aa0444c17/lib/python3.9/site-packages/flye/config/bin_cfg/asm_nano_hq.cfg --log /home/giacomocastagnetti/code/rec_genome_analysis/results/assemblies/P3/C1_flye/flye.log --threads 4 --min-ovlp 1000
[2023-08-29 14:18:05] DEBUG: Build date: May 16 2023 07:05:44
[2023-08-29 14:18:05] DEBUG: Total RAM: 31 Gb
[2023-08-29 14:18:05] DEBUG: Available RAM: 21 Gb
[2023-08-29 14:18:05] DEBUG: Total CPUs: 8
[2023-08-29 14:18:05] DEBUG: Loading /home/giacomocastagnetti/code/rec_genome_analysis/.snakemake/conda/9f47a5efe248dbe04a41f86aa0444c17/lib/python3.9/site-packages/flye/config/bin_cfg/asm_nano_hq.cfg
[2023-08-29 14:18:05] DEBUG: Loading /home/giacomocastagnetti/code/rec_genome_analysis/.snakemake/conda/9f47a5efe248dbe04a41f86aa0444c17/lib/python3.9/site-packages/flye/config/bin_cfg/asm_defaults.cfg
[2023-08-29 14:18:05] DEBUG: 	big_genome_threshold=29000000
[2023-08-29 14:18:05] DEBUG: 	meta_read_filter_kmer_freq=100
[2023-08-29 14:18:05] DEBUG: 	chain_large_gap_penalty=2
[2023-08-29 14:18:05] DEBUG: 	chain_small_gap_penalty=0.5
[2023-08-29 14:18:05] DEBUG: 	chain_gap_jump_threshold=100
[2023-08-29 14:18:05] DEBUG: 	max_coverage_drop_rate=5
[2023-08-29 14:18:05] DEBUG: 	max_extensions_drop_rate=5
[2023-08-29 14:18:05] DEBUG: 	chimera_window=100
[2023-08-29 14:18:05] DEBUG: 	chimera_overhang=1000
[2023-08-29 14:18:05] DEBUG: 	min_reads_in_disjointig=4
[2023-08-29 14:18:05] DEBUG: 	max_inner_reads=10
[2023-08-29 14:18:05] DEBUG: 	max_inner_fraction=0.25
[2023-08-29 14:18:05] DEBUG: 	max_separation=500
[2023-08-29 14:18:05] DEBUG: 	unique_edge_length=50000
[2023-08-29 14:18:05] DEBUG: 	min_repeat_res_support=0.51
[2023-08-29 14:18:05] DEBUG: 	out_paths_ratio=5
[2023-08-29 14:18:05] DEBUG: 	graph_cov_drop_rate=5
[2023-08-29 14:18:05] DEBUG: 	coverage_estimate_window=100
[2023-08-29 14:18:05] DEBUG: 	max_bubble_length=50000
[2023-08-29 14:18:05] DEBUG: 	loop_coverage_rate=1.5
[2023-08-29 14:18:05] DEBUG: 	repeat_edge_cov_mult=1.75
[2023-08-29 14:18:05] DEBUG: 	weak_detach_rate=5
[2023-08-29 14:18:05] DEBUG: 	tip_coverage_rate=2
[2023-08-29 14:18:05] DEBUG: 	tip_length_rate=2
[2023-08-29 14:18:05] DEBUG: 	output_gfa_before_rr=0
[2023-08-29 14:18:05] DEBUG: 	remove_alt_edges=0
[2023-08-29 14:18:05] DEBUG: 	low_cutoff_warning=0
[2023-08-29 14:18:05] DEBUG: 	kmer_size=17
[2023-08-29 14:18:05] DEBUG: 	use_minimizers=1
[2023-08-29 14:18:05] DEBUG: 	minimizer_window=5
[2023-08-29 14:18:05] DEBUG: 	reads_base_alignment=1
[2023-08-29 14:18:05] DEBUG: 	meta_read_top_kmer_rate=0.75
[2023-08-29 14:18:05] DEBUG: 	maximum_jump=1500
[2023-08-29 14:18:05] DEBUG: 	maximum_overhang=1500
[2023-08-29 14:18:05] DEBUG: 	repeat_kmer_rate=100
[2023-08-29 14:18:05] DEBUG: 	assemble_ovlp_divergence=0.05
[2023-08-29 14:18:05] DEBUG: 	assemble_divergence_relative=1
[2023-08-29 14:18:05] DEBUG: 	repeat_graph_ovlp_divergence=0.05
[2023-08-29 14:18:05] DEBUG: 	read_align_ovlp_divergence=0.10
[2023-08-29 14:18:05] DEBUG: 	hpc_scoring_on=1
[2023-08-29 14:18:05] DEBUG: 	add_unassembled_reads=0
[2023-08-29 14:18:05] DEBUG: 	extend_contigs_with_repeats=0
[2023-08-29 14:18:05] DEBUG: 	min_read_cov_cutoff=3
[2023-08-29 14:18:05] DEBUG: 	short_tip_length=20000
[2023-08-29 14:18:05] DEBUG: 	long_tip_length=100000
[2023-08-29 14:18:05] DEBUG: Running with k-mer size: 17
[2023-08-29 14:18:05] DEBUG: Selected minimum overlap 1000
[2023-08-29 14:18:05] DEBUG: Metagenome mode: N
[2023-08-29 14:18:05] INFO: Parsing disjointigs
[2023-08-29 14:18:05] DEBUG: Building positional index
[2023-08-29 14:18:05] DEBUG: Total sequence: 140225 bp
[2023-08-29 14:18:05] INFO: Building repeat graph
[2023-08-29 14:18:05] DEBUG: Mean k-mer frequency: 1.00362
[2023-08-29 14:18:05] DEBUG: Repetitive k-mer frequency: 100
[2023-08-29 14:18:05] DEBUG: Filtered 0 repetitive k-mers (0)
[2023-08-29 14:18:05] DEBUG: Sorting k-mer index
[2023-08-29 14:18:05] DEBUG: Selected k-mers: 46463
[2023-08-29 14:18:05] DEBUG: K-mer index size: 46632
[2023-08-29 14:18:05] DEBUG: Mean k-mer frequency: 1.00364
[2023-08-29 14:18:05] DEBUG: Minimizer rate: 3.00706
[2023-08-29 14:18:06] DEBUG: Computing transitive closure for overlaps
[2023-08-29 14:18:06] DEBUG: Found 0 overlaps
[2023-08-29 14:18:06] DEBUG: Left 0 overlaps after filtering
[2023-08-29 14:18:06] INFO: Median overlap divergence: 0
[2023-08-29 14:18:06] DEBUG: Sequence divergence distribution: 

    |          |                                                                                         
    |          |                                                                                         
    |          |                                                                                         
    |          |                                                                                         
    |          |                                                                                         
    |          |                                                                                         
    |          |                                                                                         
    |          |                                                                                         
    |          |                                                                                         
    |          |                                                                                         
    |          |                                                                                         
    |          |                                                                                         
    |          |                                                                                         
    |          |                                                                                         
    |          |                                                                                         
    |          |                                                                                         
    |          |                                                                                         
    |          |                                                                                         
    |          |                                                                                         
    |          |                                                                                         
    ----------------------------------------------------------------------------------------------------
    0%        5%        10%       15%       20%       25%       30%       35%       40%       45%       

    Q25 = 0, Q50 = 0, Q75 = 0

[2023-08-29 14:18:06] DEBUG: Computing gluepoints
[2023-08-29 14:18:06] DEBUG: Added 0 gluepoint projections
[2023-08-29 14:18:06] DEBUG: Created 4 gluepoints
[2023-08-29 14:18:06] DEBUG: Artificial loops removed: 0 left, 0 right, 0 both
[2023-08-29 14:18:06] DEBUG: Initializing edges
[2023-08-29 14:18:06] DEBUG: Edges length checksum: 18446744071897485312
[2023-08-29 14:18:06] DEBUG: Filtered 0 singleton segments
[2023-08-29 14:18:06] DEBUG: Removed 0 simple and 0 double chimeric junctions
[2023-08-29 14:18:06] DEBUG: Collapsed 0 edges
[2023-08-29 14:18:06] DEBUG: *	1	+disjointig_1	0	140224	140224	
[2023-08-29 14:18:06] DEBUG: Total edges: 1
[2023-08-29 14:18:06] INFO: Parsing reads
[2023-08-29 14:18:14] DEBUG: Building positional index
[2023-08-29 14:18:14] DEBUG: Total sequence: 133378938 bp
[2023-08-29 14:18:14] DEBUG: Building positional index
[2023-08-29 14:18:14] DEBUG: Total sequence: 140224 bp
[2023-08-29 14:18:14] INFO: Aligning reads to the graph
[2023-08-29 14:18:14] DEBUG: Mean k-mer frequency: 1.00359
[2023-08-29 14:18:14] DEBUG: Repetitive k-mer frequency: 100
[2023-08-29 14:18:14] DEBUG: Filtered 0 repetitive k-mers (0)
[2023-08-29 14:18:14] DEBUG: Sorting k-mer index
[2023-08-29 14:18:14] DEBUG: Selected k-mers: 46463
[2023-08-29 14:18:14] DEBUG: K-mer index size: 46631
[2023-08-29 14:18:14] DEBUG: Mean k-mer frequency: 1.00362
[2023-08-29 14:18:14] DEBUG: Minimizer rate: 3.0071
[2023-08-29 14:19:08] DEBUG: Total reads : 38834
[2023-08-29 14:19:08] DEBUG: Read with aligned parts : 37265
[2023-08-29 14:19:08] DEBUG: Aligned in one piece : 37110
[2023-08-29 14:19:08] INFO: Aligned read sequence: 106657965 / 112636585 (0.946921)
[2023-08-29 14:19:08] INFO: Median overlap divergence: 0.0273598
[2023-08-29 14:19:08] DEBUG: Sequence divergence distribution: 

    |   **               |                                                                               
    |   **               |                                                                               
    |   ***              |                                                                               
    |   ***              |                                                                               
    |   ***              |                                                                               
    |   ***              |                                                                               
    |   ***              |                                                                               
    |   ****             |                                                                               
    |   ****             |                                                                               
    |  *****             |                                                                               
    |  ******            |                                                                               
    |  ******            |                                                                               
    |  ******            |                                                                               
    |  *******           |                                                                               
    |  ********          |                                                                               
    |  ********          |                                                                               
    | ***********        |                                                                               
    | *************      |                                                                               
    | ****************   |                                                                               
    |*************************************   *                   *     **                                
    ----------------------------------------------------------------------------------------------------
    0%        5%        10%       15%       20%       25%       30%       35%       40%       45%       

    Q25 = 0.019, Q50 = 0.027, Q75 = 0.04

[2023-08-29 14:19:08] INFO: Mean edge coverage: 737
[2023-08-29 14:19:08] DEBUG: 1	len:140224	cov:730	mult:0.990502
[2023-08-29 14:19:08] DEBUG: -1	len:140224	cov:730	mult:0.990502
[2023-08-29 14:19:08] DEBUG: Unique coverage threshold 1277
[2023-08-29 14:19:08] INFO: Simplifying the graph
[2023-08-29 14:19:08] DEBUG: Read coverage cutoff: 147
[2023-08-29 14:19:08] DEBUG: [SIMPL] Removed 0 paths with low coverage
[2023-08-29 14:19:08] DEBUG: [SIMPL] Masked 0 heterozygous loops
[2023-08-29 14:19:08] DEBUG: [SIMPL] Masked 0 simple bubbles
[2023-08-29 14:19:08] DEBUG: Finding repeats
[2023-08-29 14:19:08] DEBUG: Read coverage cutoff: 147
[2023-08-29 14:19:08] DEBUG: Repeat detection iteration 1
[2023-08-29 14:19:08] DEBUG: Writing Dot
[2023-08-29 14:19:08] DEBUG: Writing FASTA
[2023-08-29 14:19:08] DEBUG: [SIMPL] == Iteration 1 ==
[2023-08-29 14:19:08] DEBUG: Splitting nodes
[2023-08-29 14:19:08] DEBUG: [SIMPL] Split 0 nodes
[2023-08-29 14:19:08] DEBUG: [SIMPL] Clipped 0 short and 0 long tips
[2023-08-29 14:19:08] DEBUG: [SIMPL] Masked 0 heterozygous loops
[2023-08-29 14:19:08] DEBUG: [SIMPL] Masked 0 simple bubbles
[2023-08-29 14:19:08] DEBUG: Finding repeats
[2023-08-29 14:19:08] DEBUG: Read coverage cutoff: 147
[2023-08-29 14:19:08] DEBUG: Repeat detection iteration 1
[2023-08-29 14:19:08] DEBUG: Total unique edges: 1
[2023-08-29 14:19:08] DEBUG: [SIMPL] Resolved repeats: 0
[2023-08-29 14:19:08] DEBUG: RR links: 0
[2023-08-29 14:19:08] DEBUG: Unresolved: 0
[2023-08-29 14:19:08] DEBUG: Removed 0 simple and 0 double chimeric junctions
[2023-08-29 14:19:08] DEBUG: [SIMPL] Collapsed 0 haplotypes
[2023-08-29 14:19:08] DEBUG: [SIMPL] Resolved 0 simple repeats
[2023-08-29 14:19:08] DEBUG: Read coverage cutoff: 147
[2023-08-29 14:19:08] DEBUG: [SIMPL] Removed 0 paths with low coverage
[2023-08-29 14:19:08] DEBUG: Finding repeats
[2023-08-29 14:19:08] DEBUG: Read coverage cutoff: 147
[2023-08-29 14:19:08] DEBUG: Repeat detection iteration 1
[2023-08-29 14:19:08] DEBUG: Writing Dot
[2023-08-29 14:19:09] DEBUG: Writing FASTA
[2023-08-29 14:19:09] DEBUG: Peak RAM usage: 0 Gb
-----------End assembly log------------
[2023-08-29 14:19:09] root: INFO: >>>STAGE: contigger
[2023-08-29 14:19:09] root: INFO: Generating contigs
[2023-08-29 14:19:09] root: DEBUG: -----Begin contigger analyser log------
[2023-08-29 14:19:09] root: DEBUG: Running: flye-modules contigger --graph-edges /home/giacomocastagnetti/code/rec_genome_analysis/results/assemblies/P3/C1_flye/20-repeat/repeat_graph_edges.fasta --reads /home/giacomocastagnetti/code/rec_genome_analysis/data/nanopore/P3_C1.fastq.gz --out-dir /home/giacomocastagnetti/code/rec_genome_analysis/results/assemblies/P3/C1_flye/30-contigger --config /home/giacomocastagnetti/code/rec_genome_analysis/.snakemake/conda/9f47a5efe248dbe04a41f86aa0444c17/lib/python3.9/site-packages/flye/config/bin_cfg/asm_nano_hq.cfg --repeat-graph /home/giacomocastagnetti/code/rec_genome_analysis/results/assemblies/P3/C1_flye/20-repeat/repeat_graph_dump --graph-aln /home/giacomocastagnetti/code/rec_genome_analysis/results/assemblies/P3/C1_flye/20-repeat/read_alignment_dump --log /home/giacomocastagnetti/code/rec_genome_analysis/results/assemblies/P3/C1_flye/flye.log --threads 4 --min-ovlp 1000
[2023-08-29 14:19:09] DEBUG: Build date: May 16 2023 07:06:14
[2023-08-29 14:19:09] DEBUG: Total RAM: 31 Gb
[2023-08-29 14:19:09] DEBUG: Available RAM: 20 Gb
[2023-08-29 14:19:09] DEBUG: Total CPUs: 8
[2023-08-29 14:19:09] DEBUG: Loading /home/giacomocastagnetti/code/rec_genome_analysis/.snakemake/conda/9f47a5efe248dbe04a41f86aa0444c17/lib/python3.9/site-packages/flye/config/bin_cfg/asm_nano_hq.cfg
[2023-08-29 14:19:09] DEBUG: Loading /home/giacomocastagnetti/code/rec_genome_analysis/.snakemake/conda/9f47a5efe248dbe04a41f86aa0444c17/lib/python3.9/site-packages/flye/config/bin_cfg/asm_defaults.cfg
[2023-08-29 14:19:09] DEBUG: 	big_genome_threshold=29000000
[2023-08-29 14:19:09] DEBUG: 	meta_read_filter_kmer_freq=100
[2023-08-29 14:19:09] DEBUG: 	chain_large_gap_penalty=2
[2023-08-29 14:19:09] DEBUG: 	chain_small_gap_penalty=0.5
[2023-08-29 14:19:09] DEBUG: 	chain_gap_jump_threshold=100
[2023-08-29 14:19:09] DEBUG: 	max_coverage_drop_rate=5
[2023-08-29 14:19:09] DEBUG: 	max_extensions_drop_rate=5
[2023-08-29 14:19:09] DEBUG: 	chimera_window=100
[2023-08-29 14:19:09] DEBUG: 	chimera_overhang=1000
[2023-08-29 14:19:09] DEBUG: 	min_reads_in_disjointig=4
[2023-08-29 14:19:09] DEBUG: 	max_inner_reads=10
[2023-08-29 14:19:09] DEBUG: 	max_inner_fraction=0.25
[2023-08-29 14:19:09] DEBUG: 	max_separation=500
[2023-08-29 14:19:09] DEBUG: 	unique_edge_length=50000
[2023-08-29 14:19:09] DEBUG: 	min_repeat_res_support=0.51
[2023-08-29 14:19:09] DEBUG: 	out_paths_ratio=5
[2023-08-29 14:19:09] DEBUG: 	graph_cov_drop_rate=5
[2023-08-29 14:19:09] DEBUG: 	coverage_estimate_window=100
[2023-08-29 14:19:09] DEBUG: 	max_bubble_length=50000
[2023-08-29 14:19:09] DEBUG: 	loop_coverage_rate=1.5
[2023-08-29 14:19:09] DEBUG: 	repeat_edge_cov_mult=1.75
[2023-08-29 14:19:09] DEBUG: 	weak_detach_rate=5
[2023-08-29 14:19:09] DEBUG: 	tip_coverage_rate=2
[2023-08-29 14:19:09] DEBUG: 	tip_length_rate=2
[2023-08-29 14:19:09] DEBUG: 	output_gfa_before_rr=0
[2023-08-29 14:19:09] DEBUG: 	remove_alt_edges=0
[2023-08-29 14:19:09] DEBUG: 	low_cutoff_warning=0
[2023-08-29 14:19:09] DEBUG: 	kmer_size=17
[2023-08-29 14:19:09] DEBUG: 	use_minimizers=1
[2023-08-29 14:19:09] DEBUG: 	minimizer_window=5
[2023-08-29 14:19:09] DEBUG: 	reads_base_alignment=1
[2023-08-29 14:19:09] DEBUG: 	meta_read_top_kmer_rate=0.75
[2023-08-29 14:19:09] DEBUG: 	maximum_jump=1500
[2023-08-29 14:19:09] DEBUG: 	maximum_overhang=1500
[2023-08-29 14:19:09] DEBUG: 	repeat_kmer_rate=100
[2023-08-29 14:19:09] DEBUG: 	assemble_ovlp_divergence=0.05
[2023-08-29 14:19:09] DEBUG: 	assemble_divergence_relative=1
[2023-08-29 14:19:09] DEBUG: 	repeat_graph_ovlp_divergence=0.05
[2023-08-29 14:19:09] DEBUG: 	read_align_ovlp_divergence=0.10
[2023-08-29 14:19:09] DEBUG: 	hpc_scoring_on=1
[2023-08-29 14:19:09] DEBUG: 	add_unassembled_reads=0
[2023-08-29 14:19:09] DEBUG: 	extend_contigs_with_repeats=0
[2023-08-29 14:19:09] DEBUG: 	min_read_cov_cutoff=3
[2023-08-29 14:19:09] DEBUG: 	short_tip_length=20000
[2023-08-29 14:19:09] DEBUG: 	long_tip_length=100000
[2023-08-29 14:19:09] DEBUG: Running with k-mer size: 17
[2023-08-29 14:19:09] DEBUG: Selected minimum overlap 1000
[2023-08-29 14:19:09] INFO: Reading sequences
[2023-08-29 14:19:16] DEBUG: Building positional index
[2023-08-29 14:19:16] DEBUG: Total sequence: 133378938 bp
[2023-08-29 14:19:17] DEBUG: Flipped 0
[2023-08-29 14:19:17] DEBUG: UPath 1: 1
[2023-08-29 14:19:17] DEBUG: Final graph contains 1 egdes
[2023-08-29 14:19:17] DEBUG: Extending contigs into repeats
[2023-08-29 14:19:17] DEBUG: Covered 0 repetitive contigs
[2023-08-29 14:19:17] INFO: Generated 1 contigs
[2023-08-29 14:19:17] DEBUG: Writing FASTA
[2023-08-29 14:19:17] DEBUG: Generating scaffold connections
[2023-08-29 14:19:17] INFO: Added 0 scaffold connections
[2023-08-29 14:19:17] DEBUG: Writing Dot
[2023-08-29 14:19:17] DEBUG: Writing FASTA
[2023-08-29 14:19:17] DEBUG: Writing Gfa
[2023-08-29 14:19:17] DEBUG: Peak RAM usage: 0 Gb
-----------End assembly log------------
[2023-08-29 14:19:17] root: INFO: >>>STAGE: polishing
[2023-08-29 14:19:17] root: INFO: Polishing genome (1/1)
[2023-08-29 14:19:17] root: INFO: Running minimap2
[2023-08-29 14:20:03] root: INFO: Separating alignment into bubbles
[2023-08-29 14:25:49] root: DEBUG: Generated 9229 bubbles
[2023-08-29 14:25:49] root: DEBUG: Split 0 long bubbles
[2023-08-29 14:25:49] root: DEBUG: Skipped 0 empty bubbles
[2023-08-29 14:25:49] root: DEBUG: Skipped 0 bubbles with long branches
[2023-08-29 14:25:49] root: INFO: Alignment error rate: 0.037212
[2023-08-29 14:25:49] root: INFO: Correcting bubbles
[2023-08-29 14:26:02] root: DEBUG: Mean contig coverage: 918, selected threshold: 184
[2023-08-29 14:26:02] root: DEBUG: Filtered 0 contigs of total length 0
[2023-08-29 14:26:02] root: DEBUG: Generating polished GFA
[2023-08-29 14:26:03] root: DEBUG: 0 sequences remained unpolished
[2023-08-29 14:26:03] root: INFO: >>>STAGE: finalize
[2023-08-29 14:26:03] root: DEBUG: ---Output dir contents:----
[2023-08-29 14:26:03] root: DEBUG: C1_flye/
[2023-08-29 14:26:03] root: DEBUG:     137.0 K     assembly_graph.gfa
[2023-08-29 14:26:03] root: DEBUG:     29.0 K      flye.log
[2023-08-29 14:26:03] root: DEBUG:     139.0 K     assembly.fasta
[2023-08-29 14:26:03] root: DEBUG:     96.0 B      params.json
[2023-08-29 14:26:03] root: DEBUG:     369.0 B     assembly_graph.gv
[2023-08-29 14:26:03] root: DEBUG:     10-consensus/
[2023-08-29 14:26:03] root: DEBUG:         139.0 K     consensus.fasta
[2023-08-29 14:26:03] root: DEBUG:         1003.0 B    minimap.stderr
[2023-08-29 14:26:03] root: DEBUG:         27.0 K      minimap.bam.bai
[2023-08-29 14:26:03] root: DEBUG:     20-repeat/
[2023-08-29 14:26:03] root: DEBUG:         369.0 B     graph_after_rr.gv
[2023-08-29 14:26:03] root: DEBUG:         138.0 K     graph_before_rr.fasta
[2023-08-29 14:26:03] root: DEBUG:         138.0 K     repeat_graph_edges.fasta
[2023-08-29 14:26:03] root: DEBUG:         369.0 B     graph_before_rr.gv
[2023-08-29 14:26:03] root: DEBUG:         9.0 M       read_alignment_dump
[2023-08-29 14:26:03] root: DEBUG:         185.0 B     repeat_graph_dump
[2023-08-29 14:26:03] root: DEBUG:     30-contigger/
[2023-08-29 14:26:03] root: DEBUG:         138.0 K     graph_final.fasta
[2023-08-29 14:26:03] root: DEBUG:         138.0 K     contigs.fasta
[2023-08-29 14:26:03] root: DEBUG:         25.0 B      contigs.fasta.fai
[2023-08-29 14:26:03] root: DEBUG:         0.0 B       scaffolds_links.txt
[2023-08-29 14:26:03] root: DEBUG:         369.0 B     graph_final.gv
[2023-08-29 14:26:03] root: DEBUG:         112.0 B     contigs_stats.txt
[2023-08-29 14:26:03] root: DEBUG:         136.0 K     graph_final.gfa
[2023-08-29 14:26:03] root: DEBUG:     40-polishing/
[2023-08-29 14:26:03] root: DEBUG:         41.0 K      base_coverage.bed.gz
[2023-08-29 14:26:03] root: DEBUG:         27.0 K      minimap_1.bam.bai
[2023-08-29 14:26:03] root: DEBUG:         139.0 K     filtered_contigs.fasta
[2023-08-29 14:26:03] root: DEBUG:         968.0 B     minimap.stderr
[2023-08-29 14:26:03] root: DEBUG:         25.0 B      filtered_contigs.fasta.fai
[2023-08-29 14:26:03] root: DEBUG:         160.0 B     edges_aln.bam.bai
[2023-08-29 14:26:03] root: DEBUG:         46.0 B      contigs_stats.txt
[2023-08-29 14:26:03] root: DEBUG:         46.0 B      filtered_stats.txt
[2023-08-29 14:26:03] root: DEBUG:         137.0 K     polished_edges.gfa
[2023-08-29 14:26:03] root: DEBUG:     00-assembly/
[2023-08-29 14:26:03] root: DEBUG:         138.0 K     draft_assembly.fasta
[2023-08-29 14:26:03] root: DEBUG:         29.0 B      draft_assembly.fasta.fai
[2023-08-29 14:26:03] root: DEBUG: --------------------------
[2023-08-29 14:26:03] root: INFO: Assembly statistics:

	Total length:	140250
	Fragments:	1
	Fragments N50:	140250
	Largest frg:	140250
	Scaffolds:	0
	Mean coverage:	918

[2023-08-29 14:26:03] root: INFO: Final assembly: /home/giacomocastagnetti/code/rec_genome_analysis/results/assemblies/P3/C1_flye/assembly.fasta
