[2023-08-29 14:05:10] root: INFO: Starting Flye 2.9.2-b1786
[2023-08-29 14:05:10] root: DEBUG: Cmd: /home/giacomocastagnetti/code/rec_genome_analysis/.snakemake/conda/9f47a5efe248dbe04a41f86aa0444c17/bin/flye --nano-hq data/nanopore/P2_C4.fastq.gz --out-dir results/assemblies/P2/C4_flye --threads 4 --genome-size 0.150m --asm-coverage 40
[2023-08-29 14:05:10] root: DEBUG: Python version: 3.9.16 (main, May 15 2023, 23:46:34) 
[GCC 11.2.0]
[2023-08-29 14:05:10] root: INFO: >>>STAGE: configure
[2023-08-29 14:05:10] root: INFO: Configuring run
[2023-08-29 14:05:25] root: INFO: Total read length: 359428471
[2023-08-29 14:05:25] root: INFO: Input genome size: 150000
[2023-08-29 14:05:25] root: INFO: Estimated coverage: 2396
[2023-08-29 14:05:25] root: WARNING: Expected read coverage is 2396, the assembly is not guaranteed to be optimal in this setting. Are you sure that the genome size was entered correctly?
[2023-08-29 14:05:25] root: INFO: Reads N50/N90: 6878 / 1785
[2023-08-29 14:05:25] root: INFO: Minimum overlap set to 2000
[2023-08-29 14:05:25] root: INFO: Using longest 40x reads for contig assembly
[2023-08-29 14:05:25] root: DEBUG: Min read length cutoff: 35764
[2023-08-29 14:05:25] root: INFO: >>>STAGE: assembly
[2023-08-29 14:05:25] root: INFO: Assembling disjointigs
[2023-08-29 14:05:25] root: DEBUG: -----Begin assembly log------
[2023-08-29 14:05:25] root: DEBUG: Running: flye-modules assemble --reads /home/giacomocastagnetti/code/rec_genome_analysis/data/nanopore/P2_C4.fastq.gz --out-asm /home/giacomocastagnetti/code/rec_genome_analysis/results/assemblies/P2/C4_flye/00-assembly/draft_assembly.fasta --config /home/giacomocastagnetti/code/rec_genome_analysis/.snakemake/conda/9f47a5efe248dbe04a41f86aa0444c17/lib/python3.9/site-packages/flye/config/bin_cfg/asm_nano_hq.cfg --log /home/giacomocastagnetti/code/rec_genome_analysis/results/assemblies/P2/C4_flye/flye.log --threads 4 --genome-size 150000 --min-ovlp 2000 --min-read 35764
[2023-08-29 14:05:25] DEBUG: Build date: May 16 2023 07:05:14
[2023-08-29 14:05:25] DEBUG: Total RAM: 31 Gb
[2023-08-29 14:05:25] DEBUG: Available RAM: 24 Gb
[2023-08-29 14:05:25] DEBUG: Total CPUs: 8
[2023-08-29 14:05:25] DEBUG: Loading /home/giacomocastagnetti/code/rec_genome_analysis/.snakemake/conda/9f47a5efe248dbe04a41f86aa0444c17/lib/python3.9/site-packages/flye/config/bin_cfg/asm_nano_hq.cfg
[2023-08-29 14:05:25] DEBUG: Loading /home/giacomocastagnetti/code/rec_genome_analysis/.snakemake/conda/9f47a5efe248dbe04a41f86aa0444c17/lib/python3.9/site-packages/flye/config/bin_cfg/asm_defaults.cfg
[2023-08-29 14:05:25] DEBUG: 	big_genome_threshold=29000000
[2023-08-29 14:05:25] DEBUG: 	meta_read_filter_kmer_freq=100
[2023-08-29 14:05:25] DEBUG: 	chain_large_gap_penalty=2
[2023-08-29 14:05:25] DEBUG: 	chain_small_gap_penalty=0.5
[2023-08-29 14:05:25] DEBUG: 	chain_gap_jump_threshold=100
[2023-08-29 14:05:25] DEBUG: 	max_coverage_drop_rate=5
[2023-08-29 14:05:25] DEBUG: 	max_extensions_drop_rate=5
[2023-08-29 14:05:25] DEBUG: 	chimera_window=100
[2023-08-29 14:05:25] DEBUG: 	chimera_overhang=1000
[2023-08-29 14:05:25] DEBUG: 	min_reads_in_disjointig=4
[2023-08-29 14:05:25] DEBUG: 	max_inner_reads=10
[2023-08-29 14:05:25] DEBUG: 	max_inner_fraction=0.25
[2023-08-29 14:05:25] DEBUG: 	max_separation=500
[2023-08-29 14:05:25] DEBUG: 	unique_edge_length=50000
[2023-08-29 14:05:25] DEBUG: 	min_repeat_res_support=0.51
[2023-08-29 14:05:25] DEBUG: 	out_paths_ratio=5
[2023-08-29 14:05:25] DEBUG: 	graph_cov_drop_rate=5
[2023-08-29 14:05:25] DEBUG: 	coverage_estimate_window=100
[2023-08-29 14:05:25] DEBUG: 	max_bubble_length=50000
[2023-08-29 14:05:25] DEBUG: 	loop_coverage_rate=1.5
[2023-08-29 14:05:25] DEBUG: 	repeat_edge_cov_mult=1.75
[2023-08-29 14:05:25] DEBUG: 	weak_detach_rate=5
[2023-08-29 14:05:25] DEBUG: 	tip_coverage_rate=2
[2023-08-29 14:05:25] DEBUG: 	tip_length_rate=2
[2023-08-29 14:05:25] DEBUG: 	output_gfa_before_rr=0
[2023-08-29 14:05:25] DEBUG: 	remove_alt_edges=0
[2023-08-29 14:05:25] DEBUG: 	low_cutoff_warning=0
[2023-08-29 14:05:25] DEBUG: 	kmer_size=17
[2023-08-29 14:05:25] DEBUG: 	use_minimizers=1
[2023-08-29 14:05:25] DEBUG: 	minimizer_window=5
[2023-08-29 14:05:25] DEBUG: 	reads_base_alignment=1
[2023-08-29 14:05:25] DEBUG: 	meta_read_top_kmer_rate=0.75
[2023-08-29 14:05:25] DEBUG: 	maximum_jump=1500
[2023-08-29 14:05:25] DEBUG: 	maximum_overhang=1500
[2023-08-29 14:05:25] DEBUG: 	repeat_kmer_rate=100
[2023-08-29 14:05:25] DEBUG: 	assemble_ovlp_divergence=0.05
[2023-08-29 14:05:25] DEBUG: 	assemble_divergence_relative=1
[2023-08-29 14:05:25] DEBUG: 	repeat_graph_ovlp_divergence=0.05
[2023-08-29 14:05:25] DEBUG: 	read_align_ovlp_divergence=0.10
[2023-08-29 14:05:25] DEBUG: 	hpc_scoring_on=1
[2023-08-29 14:05:25] DEBUG: 	add_unassembled_reads=0
[2023-08-29 14:05:25] DEBUG: 	extend_contigs_with_repeats=0
[2023-08-29 14:05:25] DEBUG: 	min_read_cov_cutoff=3
[2023-08-29 14:05:25] DEBUG: 	short_tip_length=20000
[2023-08-29 14:05:25] DEBUG: 	long_tip_length=100000
[2023-08-29 14:05:25] DEBUG: Running with k-mer size: 17
[2023-08-29 14:05:25] DEBUG: Running with minimum overlap 2000
[2023-08-29 14:05:25] DEBUG: Metagenome mode: N
[2023-08-29 14:05:25] DEBUG: Short mode: N
[2023-08-29 14:05:25] INFO: Reading sequences
[2023-08-29 14:05:50] DEBUG: Building positional index
[2023-08-29 14:05:50] DEBUG: Total sequence: 5993544 bp
[2023-08-29 14:05:50] INFO: Building minimizer index
[2023-08-29 14:05:50] INFO: Pre-calculating index storage
[2023-08-29 14:05:51] DEBUG: Mean k-mer frequency: 3.46797
[2023-08-29 14:05:51] DEBUG: Repetitive k-mer frequency: 346
[2023-08-29 14:05:51] DEBUG: Filtered 735 repetitive k-mers (0.000368205)
[2023-08-29 14:05:51] INFO: Filling index
[2023-08-29 14:05:53] DEBUG: Sorting k-mer index
[2023-08-29 14:05:53] DEBUG: Selected k-mers: 575599
[2023-08-29 14:05:53] DEBUG: K-mer index size: 1995434
[2023-08-29 14:05:53] DEBUG: Mean k-mer frequency: 3.46671
[2023-08-29 14:05:53] DEBUG: Minimizer rate: 3.00363
[2023-08-29 14:05:53] DEBUG: Peak RAM usage: 0 Gb
[2023-08-29 14:05:53] DEBUG: Estimating k-mer identity bias
[2023-08-29 14:13:47] DEBUG: Initial divergence estimate : 0.0460569
[2023-08-29 14:13:47] DEBUG: Relative threshold: Y
[2023-08-29 14:13:47] DEBUG: Max divergence threshold set to 0.0960569
[2023-08-29 14:13:47] INFO: Extending reads
[2023-08-29 14:13:47] DEBUG: Estimating overlap coverage
[2023-08-29 14:15:49] INFO: Overlap-based coverage: 40
[2023-08-29 14:15:49] INFO: Median overlap divergence: 0.0482245
[2023-08-29 14:15:49] DEBUG: Sequence divergence distribution: 

    |      * *          |                                                                                
    |      * *          |                                                                                
    |      * **         |                                                                                
    |      *****        |                                                                                
    |      *****        |                                                                                
    |      *****        |                                                                                
    |      *****        |                                                                                
    |      *****        |                                                                                
    |      *****        |                                                                                
    |      *****   *    |                                                                                
    |      *****   *    |                                                                                
    |      ******  *    |                                                                                
    |     ******* **    |                                                                                
    |     **********    |                                                                                
    |     ***********   |                                                                                
    |     ***********   |                                                                                
    |     ***********   |                                                                                
    |     **************|                                                                                
    |    ****************  ***                                                                           
    |    ********************** *      *                                                                 
    ----------------------------------------------------------------------------------------------------
    0%        5%        10%       15%       20%       25%       30%       35%       40%       45%       

    Q25 = 0.037, Q50 = 0.048, Q75 = 0.067

[2023-08-29 14:15:50] DEBUG: Assembled disjointig 1
	With 16 reads
	Start read: +d754f0f6-bb9d-41a0-a8ae-565b436d3442
	At position: 14
	leftTip: 1 rightTip: 1
	Suspicious: 3
	Short ext: 0
	Mean extensions: 30
	Avg overlap len: 42495
	Min overlap len: 27320
	Inner reads: 0
	Length: 139554
[2023-08-29 14:15:50] DEBUG: Inner: 228 covered: 252 total: 276
[2023-08-29 14:15:55] INFO: Assembled 1 disjointigs
[2023-08-29 14:15:55] INFO: Generating sequence
[2023-08-29 14:15:55] DEBUG: Building positional index
[2023-08-29 14:15:55] DEBUG: Total sequence: 139407 bp
[2023-08-29 14:15:55] DEBUG: Mean k-mer frequency: 1.01942
[2023-08-29 14:15:55] DEBUG: Repetitive k-mer frequency: 101
[2023-08-29 14:15:55] DEBUG: Filtered 0 repetitive k-mers (0)
[2023-08-29 14:15:55] DEBUG: Sorting k-mer index
[2023-08-29 14:15:55] DEBUG: Selected k-mers: 45576
[2023-08-29 14:15:55] DEBUG: K-mer index size: 46462
[2023-08-29 14:15:55] DEBUG: Mean k-mer frequency: 1.01944
[2023-08-29 14:15:55] DEBUG: Minimizer rate: 3.00045
[2023-08-29 14:15:55] INFO: Filtering contained disjointigs
[2023-08-29 14:15:55] DEBUG: Computing transitive closure for overlaps
[2023-08-29 14:15:55] DEBUG: Found 0 overlaps
[2023-08-29 14:15:55] DEBUG: Left 0 overlaps after filtering
[2023-08-29 14:15:55] INFO: Contained seqs: 0
[2023-08-29 14:15:56] DEBUG: Writing FASTA
[2023-08-29 14:15:56] DEBUG: Peak RAM usage: 0 Gb
-----------End assembly log------------
[2023-08-29 14:15:56] root: DEBUG: Disjointigs length: 139407, N50: 139407
[2023-08-29 14:15:56] root: INFO: >>>STAGE: consensus
[2023-08-29 14:15:56] root: INFO: Running Minimap2
[2023-08-29 14:18:42] root: INFO: Computing consensus
[2023-08-29 14:23:47] root: INFO: Alignment error rate: 0.055472
[2023-08-29 14:23:47] root: INFO: >>>STAGE: repeat
[2023-08-29 14:23:47] root: INFO: Building and resolving repeat graph
[2023-08-29 14:23:47] root: DEBUG: -----Begin repeat analyser log------
[2023-08-29 14:23:47] root: DEBUG: Running: flye-modules repeat --disjointigs /home/giacomocastagnetti/code/rec_genome_analysis/results/assemblies/P2/C4_flye/10-consensus/consensus.fasta --reads /home/giacomocastagnetti/code/rec_genome_analysis/data/nanopore/P2_C4.fastq.gz --out-dir /home/giacomocastagnetti/code/rec_genome_analysis/results/assemblies/P2/C4_flye/20-repeat --config /home/giacomocastagnetti/code/rec_genome_analysis/.snakemake/conda/9f47a5efe248dbe04a41f86aa0444c17/lib/python3.9/site-packages/flye/config/bin_cfg/asm_nano_hq.cfg --log /home/giacomocastagnetti/code/rec_genome_analysis/results/assemblies/P2/C4_flye/flye.log --threads 4 --min-ovlp 2000
[2023-08-29 14:23:47] DEBUG: Build date: May 16 2023 07:05:44
[2023-08-29 14:23:47] DEBUG: Total RAM: 31 Gb
[2023-08-29 14:23:47] DEBUG: Available RAM: 20 Gb
[2023-08-29 14:23:47] DEBUG: Total CPUs: 8
[2023-08-29 14:23:47] DEBUG: Loading /home/giacomocastagnetti/code/rec_genome_analysis/.snakemake/conda/9f47a5efe248dbe04a41f86aa0444c17/lib/python3.9/site-packages/flye/config/bin_cfg/asm_nano_hq.cfg
[2023-08-29 14:23:47] DEBUG: Loading /home/giacomocastagnetti/code/rec_genome_analysis/.snakemake/conda/9f47a5efe248dbe04a41f86aa0444c17/lib/python3.9/site-packages/flye/config/bin_cfg/asm_defaults.cfg
[2023-08-29 14:23:47] DEBUG: 	big_genome_threshold=29000000
[2023-08-29 14:23:47] DEBUG: 	meta_read_filter_kmer_freq=100
[2023-08-29 14:23:47] DEBUG: 	chain_large_gap_penalty=2
[2023-08-29 14:23:47] DEBUG: 	chain_small_gap_penalty=0.5
[2023-08-29 14:23:47] DEBUG: 	chain_gap_jump_threshold=100
[2023-08-29 14:23:47] DEBUG: 	max_coverage_drop_rate=5
[2023-08-29 14:23:47] DEBUG: 	max_extensions_drop_rate=5
[2023-08-29 14:23:47] DEBUG: 	chimera_window=100
[2023-08-29 14:23:47] DEBUG: 	chimera_overhang=1000
[2023-08-29 14:23:47] DEBUG: 	min_reads_in_disjointig=4
[2023-08-29 14:23:47] DEBUG: 	max_inner_reads=10
[2023-08-29 14:23:47] DEBUG: 	max_inner_fraction=0.25
[2023-08-29 14:23:47] DEBUG: 	max_separation=500
[2023-08-29 14:23:47] DEBUG: 	unique_edge_length=50000
[2023-08-29 14:23:47] DEBUG: 	min_repeat_res_support=0.51
[2023-08-29 14:23:47] DEBUG: 	out_paths_ratio=5
[2023-08-29 14:23:47] DEBUG: 	graph_cov_drop_rate=5
[2023-08-29 14:23:47] DEBUG: 	coverage_estimate_window=100
[2023-08-29 14:23:47] DEBUG: 	max_bubble_length=50000
[2023-08-29 14:23:47] DEBUG: 	loop_coverage_rate=1.5
[2023-08-29 14:23:47] DEBUG: 	repeat_edge_cov_mult=1.75
[2023-08-29 14:23:47] DEBUG: 	weak_detach_rate=5
[2023-08-29 14:23:47] DEBUG: 	tip_coverage_rate=2
[2023-08-29 14:23:47] DEBUG: 	tip_length_rate=2
[2023-08-29 14:23:47] DEBUG: 	output_gfa_before_rr=0
[2023-08-29 14:23:47] DEBUG: 	remove_alt_edges=0
[2023-08-29 14:23:47] DEBUG: 	low_cutoff_warning=0
[2023-08-29 14:23:47] DEBUG: 	kmer_size=17
[2023-08-29 14:23:47] DEBUG: 	use_minimizers=1
[2023-08-29 14:23:47] DEBUG: 	minimizer_window=5
[2023-08-29 14:23:47] DEBUG: 	reads_base_alignment=1
[2023-08-29 14:23:47] DEBUG: 	meta_read_top_kmer_rate=0.75
[2023-08-29 14:23:47] DEBUG: 	maximum_jump=1500
[2023-08-29 14:23:47] DEBUG: 	maximum_overhang=1500
[2023-08-29 14:23:47] DEBUG: 	repeat_kmer_rate=100
[2023-08-29 14:23:47] DEBUG: 	assemble_ovlp_divergence=0.05
[2023-08-29 14:23:47] DEBUG: 	assemble_divergence_relative=1
[2023-08-29 14:23:47] DEBUG: 	repeat_graph_ovlp_divergence=0.05
[2023-08-29 14:23:47] DEBUG: 	read_align_ovlp_divergence=0.10
[2023-08-29 14:23:47] DEBUG: 	hpc_scoring_on=1
[2023-08-29 14:23:47] DEBUG: 	add_unassembled_reads=0
[2023-08-29 14:23:47] DEBUG: 	extend_contigs_with_repeats=0
[2023-08-29 14:23:47] DEBUG: 	min_read_cov_cutoff=3
[2023-08-29 14:23:47] DEBUG: 	short_tip_length=20000
[2023-08-29 14:23:47] DEBUG: 	long_tip_length=100000
[2023-08-29 14:23:47] DEBUG: Running with k-mer size: 17
[2023-08-29 14:23:47] DEBUG: Selected minimum overlap 2000
[2023-08-29 14:23:47] DEBUG: Metagenome mode: N
[2023-08-29 14:23:47] INFO: Parsing disjointigs
[2023-08-29 14:23:47] DEBUG: Building positional index
[2023-08-29 14:23:47] DEBUG: Total sequence: 130913 bp
[2023-08-29 14:23:47] INFO: Building repeat graph
[2023-08-29 14:23:47] DEBUG: Mean k-mer frequency: 1.01013
[2023-08-29 14:23:47] DEBUG: Repetitive k-mer frequency: 101
[2023-08-29 14:23:47] DEBUG: Filtered 0 repetitive k-mers (0)
[2023-08-29 14:23:47] DEBUG: Sorting k-mer index
[2023-08-29 14:23:47] DEBUG: Selected k-mers: 43156
[2023-08-29 14:23:47] DEBUG: K-mer index size: 43594
[2023-08-29 14:23:47] DEBUG: Mean k-mer frequency: 1.01015
[2023-08-29 14:23:47] DEBUG: Minimizer rate: 3.00301
[2023-08-29 14:23:47] DEBUG: Computing transitive closure for overlaps
[2023-08-29 14:23:47] DEBUG: Found 0 overlaps
[2023-08-29 14:23:47] DEBUG: Left 0 overlaps after filtering
[2023-08-29 14:23:47] INFO: Median overlap divergence: 0
[2023-08-29 14:23:47] DEBUG: Sequence divergence distribution: 

    |          |                                                                                         
    |          |                                                                                         
    |          |                                                                                         
    |          |                                                                                         
    |          |                                                                                         
    |          |                                                                                         
    |          |                                                                                         
    |          |                                                                                         
    |          |                                                                                         
    |          |                                                                                         
    |          |                                                                                         
    |          |                                                                                         
    |          |                                                                                         
    |          |                                                                                         
    |          |                                                                                         
    |          |                                                                                         
    |          |                                                                                         
    |          |                                                                                         
    |          |                                                                                         
    |          |                                                                                         
    ----------------------------------------------------------------------------------------------------
    0%        5%        10%       15%       20%       25%       30%       35%       40%       45%       

    Q25 = 0, Q50 = 0, Q75 = 0

[2023-08-29 14:23:47] DEBUG: Computing gluepoints
[2023-08-29 14:23:47] DEBUG: Added 0 gluepoint projections
[2023-08-29 14:23:47] DEBUG: Created 4 gluepoints
[2023-08-29 14:23:47] DEBUG: Artificial loops removed: 0 left, 0 right, 0 both
[2023-08-29 14:23:47] DEBUG: Initializing edges
[2023-08-29 14:23:47] DEBUG: Edges length checksum: 18446744073667634176
[2023-08-29 14:23:47] DEBUG: Filtered 0 singleton segments
[2023-08-29 14:23:47] DEBUG: Removed 0 simple and 0 double chimeric junctions
[2023-08-29 14:23:47] DEBUG: Collapsed 0 edges
[2023-08-29 14:23:47] DEBUG: *	1	+disjointig_1	0	130912	130912	
[2023-08-29 14:23:47] DEBUG: Total edges: 1
[2023-08-29 14:23:47] INFO: Parsing reads
[2023-08-29 14:23:58] DEBUG: Building positional index
[2023-08-29 14:23:58] DEBUG: Total sequence: 359428471 bp
[2023-08-29 14:23:58] DEBUG: Building positional index
[2023-08-29 14:23:58] DEBUG: Total sequence: 130912 bp
[2023-08-29 14:23:58] INFO: Aligning reads to the graph
[2023-08-29 14:23:58] DEBUG: Mean k-mer frequency: 1.01013
[2023-08-29 14:23:58] DEBUG: Repetitive k-mer frequency: 101
[2023-08-29 14:23:58] DEBUG: Filtered 0 repetitive k-mers (0)
[2023-08-29 14:23:58] DEBUG: Sorting k-mer index
[2023-08-29 14:23:58] DEBUG: Selected k-mers: 43156
[2023-08-29 14:23:58] DEBUG: K-mer index size: 43594
[2023-08-29 14:23:58] DEBUG: Mean k-mer frequency: 1.01015
[2023-08-29 14:23:58] DEBUG: Minimizer rate: 3.00298
[2023-08-29 14:26:09] DEBUG: Total reads : 50624
[2023-08-29 14:26:09] DEBUG: Read with aligned parts : 49652
[2023-08-29 14:26:09] DEBUG: Aligned in one piece : 49454
[2023-08-29 14:26:09] INFO: Aligned read sequence: 309423147 / 317187992 (0.97552)
[2023-08-29 14:26:09] INFO: Median overlap divergence: 0.0239016
[2023-08-29 14:26:09] DEBUG: Sequence divergence distribution: 

    |   *                |                                                                               
    |   **               |                                                                               
    |   **               |                                                                               
    |   **               |                                                                               
    |   **               |                                                                               
    |   **               |                                                                               
    |   **               |                                                                               
    |   ***              |                                                                               
    |   ***              |                                                                               
    |  ****              |                                                                               
    |  ****              |                                                                               
    |  *****             |                                                                               
    |  *****             |                                                                               
    |  *****             |                                                                               
    |  ******            |                                                                               
    |  ******            |                                                                               
    |  *******           |                                                                               
    |  *********         |                                                                               
    | *************      |                                                                               
    |**********************************     *       *                    *                               
    ----------------------------------------------------------------------------------------------------
    0%        5%        10%       15%       20%       25%       30%       35%       40%       45%       

    Q25 = 0.018, Q50 = 0.024, Q75 = 0.035

[2023-08-29 14:26:09] INFO: Mean edge coverage: 2336
[2023-08-29 14:26:09] DEBUG: 1	len:130912	cov:2337	mult:1.00043
[2023-08-29 14:26:09] DEBUG: -1	len:130912	cov:2337	mult:1.00043
[2023-08-29 14:26:09] DEBUG: Unique coverage threshold 4089
[2023-08-29 14:26:09] INFO: Simplifying the graph
[2023-08-29 14:26:09] DEBUG: Read coverage cutoff: 467
[2023-08-29 14:26:09] DEBUG: [SIMPL] Removed 0 paths with low coverage
[2023-08-29 14:26:09] DEBUG: [SIMPL] Masked 0 heterozygous loops
[2023-08-29 14:26:09] DEBUG: [SIMPL] Masked 0 simple bubbles
[2023-08-29 14:26:09] DEBUG: Finding repeats
[2023-08-29 14:26:09] DEBUG: Read coverage cutoff: 467
[2023-08-29 14:26:09] DEBUG: Repeat detection iteration 1
[2023-08-29 14:26:09] DEBUG: Writing Dot
[2023-08-29 14:26:09] DEBUG: Writing FASTA
[2023-08-29 14:26:09] DEBUG: [SIMPL] == Iteration 1 ==
[2023-08-29 14:26:09] DEBUG: Splitting nodes
[2023-08-29 14:26:09] DEBUG: [SIMPL] Split 0 nodes
[2023-08-29 14:26:09] DEBUG: [SIMPL] Clipped 0 short and 0 long tips
[2023-08-29 14:26:09] DEBUG: [SIMPL] Masked 0 heterozygous loops
[2023-08-29 14:26:09] DEBUG: [SIMPL] Masked 0 simple bubbles
[2023-08-29 14:26:09] DEBUG: Finding repeats
[2023-08-29 14:26:09] DEBUG: Read coverage cutoff: 467
[2023-08-29 14:26:09] DEBUG: Repeat detection iteration 1
[2023-08-29 14:26:09] DEBUG: Total unique edges: 1
[2023-08-29 14:26:09] DEBUG: [SIMPL] Resolved repeats: 0
[2023-08-29 14:26:09] DEBUG: RR links: 0
[2023-08-29 14:26:09] DEBUG: Unresolved: 0
[2023-08-29 14:26:09] DEBUG: Removed 0 simple and 0 double chimeric junctions
[2023-08-29 14:26:09] DEBUG: [SIMPL] Collapsed 0 haplotypes
[2023-08-29 14:26:09] DEBUG: [SIMPL] Resolved 0 simple repeats
[2023-08-29 14:26:09] DEBUG: Read coverage cutoff: 467
[2023-08-29 14:26:09] DEBUG: [SIMPL] Removed 0 paths with low coverage
[2023-08-29 14:26:09] DEBUG: Finding repeats
[2023-08-29 14:26:09] DEBUG: Read coverage cutoff: 467
[2023-08-29 14:26:09] DEBUG: Repeat detection iteration 1
[2023-08-29 14:26:09] DEBUG: Writing Dot
[2023-08-29 14:26:10] DEBUG: Writing FASTA
[2023-08-29 14:26:10] DEBUG: Peak RAM usage: 0 Gb
-----------End assembly log------------
[2023-08-29 14:26:10] root: INFO: >>>STAGE: contigger
[2023-08-29 14:26:10] root: INFO: Generating contigs
[2023-08-29 14:26:10] root: DEBUG: -----Begin contigger analyser log------
[2023-08-29 14:26:10] root: DEBUG: Running: flye-modules contigger --graph-edges /home/giacomocastagnetti/code/rec_genome_analysis/results/assemblies/P2/C4_flye/20-repeat/repeat_graph_edges.fasta --reads /home/giacomocastagnetti/code/rec_genome_analysis/data/nanopore/P2_C4.fastq.gz --out-dir /home/giacomocastagnetti/code/rec_genome_analysis/results/assemblies/P2/C4_flye/30-contigger --config /home/giacomocastagnetti/code/rec_genome_analysis/.snakemake/conda/9f47a5efe248dbe04a41f86aa0444c17/lib/python3.9/site-packages/flye/config/bin_cfg/asm_nano_hq.cfg --repeat-graph /home/giacomocastagnetti/code/rec_genome_analysis/results/assemblies/P2/C4_flye/20-repeat/repeat_graph_dump --graph-aln /home/giacomocastagnetti/code/rec_genome_analysis/results/assemblies/P2/C4_flye/20-repeat/read_alignment_dump --log /home/giacomocastagnetti/code/rec_genome_analysis/results/assemblies/P2/C4_flye/flye.log --threads 4 --min-ovlp 2000
[2023-08-29 14:26:10] DEBUG: Build date: May 16 2023 07:06:14
[2023-08-29 14:26:10] DEBUG: Total RAM: 31 Gb
[2023-08-29 14:26:10] DEBUG: Available RAM: 21 Gb
[2023-08-29 14:26:10] DEBUG: Total CPUs: 8
[2023-08-29 14:26:10] DEBUG: Loading /home/giacomocastagnetti/code/rec_genome_analysis/.snakemake/conda/9f47a5efe248dbe04a41f86aa0444c17/lib/python3.9/site-packages/flye/config/bin_cfg/asm_nano_hq.cfg
[2023-08-29 14:26:10] DEBUG: Loading /home/giacomocastagnetti/code/rec_genome_analysis/.snakemake/conda/9f47a5efe248dbe04a41f86aa0444c17/lib/python3.9/site-packages/flye/config/bin_cfg/asm_defaults.cfg
[2023-08-29 14:26:10] DEBUG: 	big_genome_threshold=29000000
[2023-08-29 14:26:10] DEBUG: 	meta_read_filter_kmer_freq=100
[2023-08-29 14:26:10] DEBUG: 	chain_large_gap_penalty=2
[2023-08-29 14:26:10] DEBUG: 	chain_small_gap_penalty=0.5
[2023-08-29 14:26:10] DEBUG: 	chain_gap_jump_threshold=100
[2023-08-29 14:26:10] DEBUG: 	max_coverage_drop_rate=5
[2023-08-29 14:26:10] DEBUG: 	max_extensions_drop_rate=5
[2023-08-29 14:26:10] DEBUG: 	chimera_window=100
[2023-08-29 14:26:10] DEBUG: 	chimera_overhang=1000
[2023-08-29 14:26:10] DEBUG: 	min_reads_in_disjointig=4
[2023-08-29 14:26:10] DEBUG: 	max_inner_reads=10
[2023-08-29 14:26:10] DEBUG: 	max_inner_fraction=0.25
[2023-08-29 14:26:10] DEBUG: 	max_separation=500
[2023-08-29 14:26:10] DEBUG: 	unique_edge_length=50000
[2023-08-29 14:26:10] DEBUG: 	min_repeat_res_support=0.51
[2023-08-29 14:26:10] DEBUG: 	out_paths_ratio=5
[2023-08-29 14:26:10] DEBUG: 	graph_cov_drop_rate=5
[2023-08-29 14:26:10] DEBUG: 	coverage_estimate_window=100
[2023-08-29 14:26:10] DEBUG: 	max_bubble_length=50000
[2023-08-29 14:26:10] DEBUG: 	loop_coverage_rate=1.5
[2023-08-29 14:26:10] DEBUG: 	repeat_edge_cov_mult=1.75
[2023-08-29 14:26:10] DEBUG: 	weak_detach_rate=5
[2023-08-29 14:26:10] DEBUG: 	tip_coverage_rate=2
[2023-08-29 14:26:10] DEBUG: 	tip_length_rate=2
[2023-08-29 14:26:10] DEBUG: 	output_gfa_before_rr=0
[2023-08-29 14:26:10] DEBUG: 	remove_alt_edges=0
[2023-08-29 14:26:10] DEBUG: 	low_cutoff_warning=0
[2023-08-29 14:26:10] DEBUG: 	kmer_size=17
[2023-08-29 14:26:10] DEBUG: 	use_minimizers=1
[2023-08-29 14:26:10] DEBUG: 	minimizer_window=5
[2023-08-29 14:26:10] DEBUG: 	reads_base_alignment=1
[2023-08-29 14:26:10] DEBUG: 	meta_read_top_kmer_rate=0.75
[2023-08-29 14:26:10] DEBUG: 	maximum_jump=1500
[2023-08-29 14:26:10] DEBUG: 	maximum_overhang=1500
[2023-08-29 14:26:10] DEBUG: 	repeat_kmer_rate=100
[2023-08-29 14:26:10] DEBUG: 	assemble_ovlp_divergence=0.05
[2023-08-29 14:26:10] DEBUG: 	assemble_divergence_relative=1
[2023-08-29 14:26:10] DEBUG: 	repeat_graph_ovlp_divergence=0.05
[2023-08-29 14:26:10] DEBUG: 	read_align_ovlp_divergence=0.10
[2023-08-29 14:26:10] DEBUG: 	hpc_scoring_on=1
[2023-08-29 14:26:10] DEBUG: 	add_unassembled_reads=0
[2023-08-29 14:26:10] DEBUG: 	extend_contigs_with_repeats=0
[2023-08-29 14:26:10] DEBUG: 	min_read_cov_cutoff=3
[2023-08-29 14:26:10] DEBUG: 	short_tip_length=20000
[2023-08-29 14:26:10] DEBUG: 	long_tip_length=100000
[2023-08-29 14:26:10] DEBUG: Running with k-mer size: 17
[2023-08-29 14:26:10] DEBUG: Selected minimum overlap 2000
[2023-08-29 14:26:10] INFO: Reading sequences
[2023-08-29 14:26:27] DEBUG: Building positional index
[2023-08-29 14:26:27] DEBUG: Total sequence: 359428471 bp
[2023-08-29 14:26:28] DEBUG: Flipped 0
[2023-08-29 14:26:28] DEBUG: UPath 1: 1
[2023-08-29 14:26:28] DEBUG: Final graph contains 1 egdes
[2023-08-29 14:26:28] DEBUG: Extending contigs into repeats
[2023-08-29 14:26:28] DEBUG: Covered 0 repetitive contigs
[2023-08-29 14:26:28] INFO: Generated 1 contigs
[2023-08-29 14:26:28] DEBUG: Writing FASTA
[2023-08-29 14:26:28] DEBUG: Generating scaffold connections
[2023-08-29 14:26:28] INFO: Added 0 scaffold connections
[2023-08-29 14:26:28] DEBUG: Writing Dot
[2023-08-29 14:26:28] DEBUG: Writing FASTA
[2023-08-29 14:26:28] DEBUG: Writing Gfa
[2023-08-29 14:26:28] DEBUG: Peak RAM usage: 0 Gb
-----------End assembly log------------
[2023-08-29 14:26:28] root: INFO: >>>STAGE: polishing
[2023-08-29 14:26:28] root: INFO: Polishing genome (1/1)
[2023-08-29 14:26:28] root: INFO: Running minimap2
[2023-08-29 14:28:43] root: INFO: Separating alignment into bubbles
[2023-08-29 14:32:51] root: DEBUG: Generated 8536 bubbles
[2023-08-29 14:32:51] root: DEBUG: Split 2 long bubbles
[2023-08-29 14:32:51] root: DEBUG: Skipped 2 empty bubbles
[2023-08-29 14:32:51] root: DEBUG: Skipped 0 bubbles with long branches
[2023-08-29 14:32:51] root: INFO: Alignment error rate: 0.032647
[2023-08-29 14:32:51] root: INFO: Correcting bubbles
[2023-08-29 14:32:58] root: DEBUG: Mean contig coverage: 2703, selected threshold: 541
[2023-08-29 14:32:58] root: DEBUG: Filtered 0 contigs of total length 0
[2023-08-29 14:32:58] root: DEBUG: Generating polished GFA
[2023-08-29 14:32:59] root: DEBUG: 0 sequences remained unpolished
[2023-08-29 14:32:59] root: INFO: >>>STAGE: finalize
[2023-08-29 14:32:59] root: DEBUG: ---Output dir contents:----
[2023-08-29 14:32:59] root: DEBUG: C4_flye/
[2023-08-29 14:32:59] root: DEBUG:     126.0 K     assembly_graph.gfa
[2023-08-29 14:32:59] root: DEBUG:     29.0 K      flye.log
[2023-08-29 14:32:59] root: DEBUG:     129.0 K     assembly.fasta
[2023-08-29 14:32:59] root: DEBUG:     96.0 B      params.json
[2023-08-29 14:32:59] root: DEBUG:     371.0 B     assembly_graph.gv
[2023-08-29 14:32:59] root: DEBUG:     10-consensus/
[2023-08-29 14:32:59] root: DEBUG:         129.0 K     consensus.fasta
[2023-08-29 14:32:59] root: DEBUG:         1006.0 B    minimap.stderr
[2023-08-29 14:32:59] root: DEBUG:         107.0 K     minimap.bam.bai
[2023-08-29 14:32:59] root: DEBUG:     20-repeat/
[2023-08-29 14:32:59] root: DEBUG:         371.0 B     graph_after_rr.gv
[2023-08-29 14:32:59] root: DEBUG:         129.0 K     graph_before_rr.fasta
[2023-08-29 14:32:59] root: DEBUG:         129.0 K     repeat_graph_edges.fasta
[2023-08-29 14:32:59] root: DEBUG:         371.0 B     graph_before_rr.gv
[2023-08-29 14:32:59] root: DEBUG:         13.0 M      read_alignment_dump
[2023-08-29 14:32:59] root: DEBUG:         187.0 B     repeat_graph_dump
[2023-08-29 14:32:59] root: DEBUG:     30-contigger/
[2023-08-29 14:32:59] root: DEBUG:         129.0 K     graph_final.fasta
[2023-08-29 14:32:59] root: DEBUG:         129.0 K     contigs.fasta
[2023-08-29 14:32:59] root: DEBUG:         25.0 B      contigs.fasta.fai
[2023-08-29 14:32:59] root: DEBUG:         0.0 B       scaffolds_links.txt
[2023-08-29 14:32:59] root: DEBUG:         371.0 B     graph_final.gv
[2023-08-29 14:32:59] root: DEBUG:         113.0 B     contigs_stats.txt
[2023-08-29 14:32:59] root: DEBUG:         127.0 K     graph_final.gfa
[2023-08-29 14:32:59] root: DEBUG:     40-polishing/
[2023-08-29 14:32:59] root: DEBUG:         38.0 K      base_coverage.bed.gz
[2023-08-29 14:32:59] root: DEBUG:         103.0 K     minimap_1.bam.bai
[2023-08-29 14:32:59] root: DEBUG:         129.0 K     filtered_contigs.fasta
[2023-08-29 14:32:59] root: DEBUG:         968.0 B     minimap.stderr
[2023-08-29 14:32:59] root: DEBUG:         25.0 B      filtered_contigs.fasta.fai
[2023-08-29 14:32:59] root: DEBUG:         152.0 B     edges_aln.bam.bai
[2023-08-29 14:32:59] root: DEBUG:         47.0 B      contigs_stats.txt
[2023-08-29 14:32:59] root: DEBUG:         47.0 B      filtered_stats.txt
[2023-08-29 14:32:59] root: DEBUG:         126.0 K     polished_edges.gfa
[2023-08-29 14:32:59] root: DEBUG:     00-assembly/
[2023-08-29 14:32:59] root: DEBUG:         137.0 K     draft_assembly.fasta
[2023-08-29 14:32:59] root: DEBUG:         29.0 B      draft_assembly.fasta.fai
[2023-08-29 14:32:59] root: DEBUG: --------------------------
[2023-08-29 14:32:59] root: INFO: Assembly statistics:

	Total length:	129927
	Fragments:	1
	Fragments N50:	129927
	Largest frg:	129927
	Scaffolds:	0
	Mean coverage:	2703

[2023-08-29 14:32:59] root: INFO: Final assembly: /home/giacomocastagnetti/code/rec_genome_analysis/results/assemblies/P2/C4_flye/assembly.fasta
